20240608 135323.163 6 El usuario hugo ha iniciado sesion.
20240608 135323.164 6 El usuario hugo ha entrado al menu principal.
20240608 135326.144 6 El usuario hugo esta consutando su perfil.
20240608 135330.627 6 El usuario hugo esta consutando su perfil.
20240608 135330.639 6 El usuario hugo ha entrado a la gestion de grupos.
20240608 135331.931 6 El usuario hugo ha entrado a la creacion de grupos.
20240608 135818.469 6 El usuario hugo esta consutando su perfil.
20240608 135819.492 6 El usuario hugo esta consutando su perfil.
20240608 135819.500 6 El usuario hugo ha cerrado sesion.
20240608 135842.821 6 El usuario hugo ha iniciado sesion.
20240608 135842.821 6 El usuario hugo ha entrado al menu principal.
20240608 135854.504 6 El usuario hugo esta jugando.
20240608 135914.969 6 El usuario hugo esta jugando.
20240608 135915.003 6 El usuario hugo ha fallado la pregunta
20240608 135949.975 6 El usuario hugo esta jugando.
20240608 135950.025 6 El usuario hugo ha acertado la pregunta.
20240608 140012.444 6 El usuario hugo esta jugando.
20240608 140012.450 6 El usuario hugo ha acertado la pregunta.
20240608 140021.614 6 El usuario hugo esta jugando.
20240608 140021.707 6 El usuario hugo ha acertado la pregunta.
20240608 140030.973 6 El usuario hugo esta jugando.
20240608 140030.987 6 El usuario hugo ha acertado la pregunta.
20240608 140049.946 6 El usuario hugo esta consutando su perfil.
20240608 140051.472 6 El usuario hugo esta consutando su perfil.
20240608 140106.648 6 El usuario hugo esta consutando su perfil.
20240608 140127.028 6 El usuario hugo esta consutando su perfil.
20240608 140127.040 6 El usuario hugo ha entrado al gestor de amigos.
20240608 140153.506 6 El usuario hugo esta consutando su perfil.
20240608 140155.650 6 El usuario hugo esta consutando su perfil.
20240608 140155.664 6 El usuario hugo ha entrado a la gestion de grupos.
20240608 140220.856 6 El usuario hugo esta consutando su perfil.
20240608 140221.828 6 El usuario hugo esta consutando su perfil.
20240608 140221.839 6 El usuario hugo ha entrado a la gestion de grupos.
20240608 140229.964 6 El usuario hugo ha entrado a la creacion de grupos.
20240608 140305.710 3 ERROR: No se pudo crear el grupo.
20240608 140322.678 3 ERROR: No se pudo crear el grupo.
20240608 140443.468 6 El usuario hugo ha iniciado sesion.
20240608 140443.469 6 El usuario hugo ha entrado al menu principal.
20240608 140444.338 6 El usuario hugo esta consutando su perfil.
20240608 140445.531 6 El usuario hugo esta consutando su perfil.
20240608 140445.555 6 El usuario hugo ha entrado a la gestion de grupos.
20240608 140447.585 6 El usuario hugo ha entrado a la creacion de grupos.
20240608 140540.934 6 El usuario hugo esta consutando su perfil.
20240608 140542.106 6 El usuario hugo esta consutando su perfil.
20240608 140542.116 6 El usuario hugo ha entrado a la gestion de su clave.
20240608 140544.977 6 El usuario hugo esta consutando su perfil.
20240608 140546.508 6 El usuario hugo esta consutando su perfil.
20240608 140546.756 6 El usuario hugo esta consutando su perfil.
20240608 140548.530 6 El usuario hugo esta consutando su perfil.
20240608 140549.529 6 El usuario hugo esta consutando su perfil.
20240608 140550.375 6 El usuario hugo esta consutando su perfil.
20240608 140553.453 6 El usuario hugo esta consutando su perfil.
20240608 140553.469 6 El usuario hugo ha cerrado sesion.
20240608 140559.573 6 El usuario admin ha iniciado sesion.
20240608 140559.575 6 El usuario admin ha entrado al gestor de preguntas.
20240608 140617.320 6 Se ha cambiado el nombre del grupo con exito.
20240608 140638.159 6 El admin esta consutando el perfil de hugo.
20240608 140640.666 6 El admin esta consutando el perfil de Angel.
20240608 140642.707 6 El admin esta consutando el perfil de Martin.
20240608 140656.169 6 El usuario admin ha creado una nueva pregunta.
20240608 140730.076 6 El administrador ha modificado una pregunta.
20240608 140804.342 6 El administrador esta agregando tematicas.
20240608 140812.123 6 El administrador esta agregando tematicas.
20240608 140812.132 6 El administrador ha agregado una nueva tematica con exito.
20240608 140836.861 6 El administrador ha cerrado sesion.
20240608 141051.145 6 El usuario hugo ha iniciado sesion.
20240608 141051.145 6 El usuario hugo ha entrado al menu principal.
20240608 141053.166 6 El usuario hugo esta consutando su perfil.
20240608 141054.014 6 El usuario hugo esta consutando su perfil.
20240608 141054.027 6 El usuario hugo ha entrado a la gestion de grupos.
20240608 141055.613 6 El usuario hugo ha entrado a la creacion de grupos.
20240608 141220.974 6 El usuario hugo ha iniciado sesion.
20240608 141220.975 6 El usuario hugo ha entrado al menu principal.
20240608 141222.821 6 El usuario hugo esta consutando su perfil.
20240608 141223.585 6 El usuario hugo esta consutando su perfil.
20240608 141223.600 6 El usuario hugo ha entrado a la gestion de grupos.
20240608 141224.422 6 El usuario hugo ha entrado a la creacion de grupos.
20240608 141234.542 6 El usuario hugo ha creado el grupo .
20240608 141532.830 6 El usuario hugo ha iniciado sesion.
20240608 141532.831 6 El usuario hugo ha entrado al menu principal.
20240608 141535.055 6 El usuario hugo esta consutando su perfil.
20240608 141537.107 6 El usuario hugo esta consutando su perfil.
20240608 141537.122 6 El usuario hugo ha entrado a la gestion de grupos.
20240608 141538.597 6 El usuario hugo ha entrado a la creacion de grupos.
20240608 141543.172 6 El usuario hugo esta consutando su perfil.
20240608 141545.247 6 El usuario hugo esta consutando su perfil.
20240608 141545.266 6 El usuario hugo ha entrado a la gestion de grupos.
20240608 141546.345 6 El usuario hugo ha entrado a la creacion de grupos.
20240608 142023.470 6 El usuario hugo ha iniciado sesion.
20240608 142023.471 6 El usuario hugo ha entrado al menu principal.
20240608 142025.437 6 El usuario hugo esta consutando su perfil.
20240608 142026.935 6 El usuario hugo esta consutando su perfil.
20240608 142026.950 6 El usuario hugo ha entrado a la gestion de grupos.
20240608 142027.855 6 El usuario hugo ha entrado a la creacion de grupos.
20240608 142036.788 6 El usuario hugo ha creado el grupo test.
20240608 142147.821 6 El usuario hugo ha iniciado sesion.
20240608 142147.821 6 El usuario hugo ha entrado al menu principal.
20240608 142149.682 6 El usuario hugo esta consutando su perfil.
20240608 142158.637 6 El usuario hugo esta consutando su perfil.
20240608 142158.652 6 El usuario hugo ha entrado a la gestion de grupos.
20240608 142203.046 6 El usuario hugo ha entrado a la creacion de grupos.
20240608 142210.990 6 El usuario hugo ha creado el grupo asdawasd.
20240608 142220.704 6 El usuario hugo esta consutando su perfil.
20240608 142221.538 6 El usuario hugo esta consutando su perfil.
20240608 142221.550 6 El usuario hugo ha cerrado sesion.
20240608 142227.346 6 El usuario hugo ha iniciado sesion.
20240608 142227.347 6 El usuario hugo ha entrado al menu principal.
20240608 142229.663 6 El usuario hugo esta consutando su perfil.
20240608 142230.365 6 El usuario hugo esta consutando su perfil.
20240608 142230.377 6 El usuario hugo ha cerrado sesion.
20240608 142234.108 6 El usuario admin ha iniciado sesion.
20240608 142234.108 6 El usuario admin ha entrado al gestor de preguntas.
20240608 142626.351 6 El usuario admin ha iniciado sesion.
20240608 142626.352 6 El usuario admin ha entrado al gestor de preguntas.
20240608 142729.018 6 El administrador ha modificado una pregunta.
20240608 143345.320 6 El usuario admin ha iniciado sesion.
20240608 143345.321 6 El usuario admin ha entrado al gestor de preguntas.
20240608 143431.463 6 El usuario admin ha iniciado sesion.
20240608 143431.464 6 El usuario admin ha entrado al gestor de preguntas.
20240608 143448.966 6 El administrador ha modificado una pregunta.
20240608 144004.438 6 El usuario admin ha iniciado sesion.
20240608 144004.439 6 El usuario admin ha entrado al gestor de preguntas.
20240608 144027.354 6 El administrador ha modificado una pregunta.
20240608 144130.490 6 El usuario admin ha iniciado sesion.
20240608 144130.491 6 El usuario admin ha entrado al gestor de preguntas.
20240608 144142.773 6 El administrador ha modificado una pregunta.
20240608 144229.829 6 El usuario admin ha iniciado sesion.
20240608 144229.829 6 El usuario admin ha entrado al gestor de preguntas.
20240608 144238.843 6 El administrador ha modificado una pregunta.
20240608 144452.419 6 El usuario admin ha iniciado sesion.
20240608 144452.420 6 El usuario admin ha entrado al gestor de preguntas.
20240608 144502.923 6 El administrador ha modificado una pregunta.
20240608 144512.791 6 El administrador ha modificado una pregunta.
20240608 144519.412 6 El administrador ha modificado una pregunta.
20240608 144617.254 6 El administrador ha modificado una pregunta.
20240608 144729.806 6 El administrador ha modificado una pregunta.
20240608 144733.100 6 El administrador ha modificado una pregunta.
20240608 144742.648 6 El administrador ha modificado una pregunta.
20240608 144840.404 6 El usuario admin ha iniciado sesion.
20240608 144840.404 6 El usuario admin ha entrado al gestor de preguntas.
20240608 144851.605 6 El administrador ha modificado una pregunta.
20240608 144948.735 6 El usuario admin ha iniciado sesion.
20240608 144948.736 6 El usuario admin ha entrado al gestor de preguntas.
20240608 145002.881 6 El administrador ha modificado una pregunta.
20240608 145044.282 6 El usuario admin ha iniciado sesion.
20240608 145044.282 6 El usuario admin ha entrado al gestor de preguntas.
20240608 145053.035 6 El administrador ha modificado una pregunta.
20240608 145106.047 6 El administrador ha modificado una pregunta.
20240608 145111.566 6 El administrador ha modificado una pregunta.
20240608 145122.770 6 El administrador ha modificado una pregunta.
20240608 145123.424 6 El administrador ha modificado una pregunta.
20240608 145124.024 6 El administrador ha modificado una pregunta.
20240608 153858.063 6 El usuario hugo ha iniciado sesion.
20240608 153858.064 6 El usuario hugo ha entrado al menu principal.
20240608 153859.923 6 El usuario hugo esta consutando su perfil.
20240608 153914.129 6 El usuario hugo esta consutando su perfil.
20240608 153914.151 6 El usuario hugo ha entrado a la gestion de grupos.
20240608 153915.213 6 El usuario hugo ha entrado a la creacion de grupos.
20240608 154336.427 3 ERROR: No se encontro la clave.
20240608 154342.089 6 El usuario hugo ha iniciado sesion.
20240608 154342.089 6 El usuario hugo ha entrado al menu principal.
20240608 154343.889 6 El usuario hugo esta consutando su perfil.
20240608 154345.946 6 El usuario hugo esta consutando su perfil.
20240608 154345.965 6 El usuario hugo ha entrado a la gestion de grupos.
20240608 154347.321 6 El usuario hugo ha entrado a la creacion de grupos.
20240608 155348.826 6 El usuario hugo ha iniciado sesion.
20240608 155348.826 6 El usuario hugo ha entrado al menu principal.
20240608 155352.584 6 El usuario hugo esta consutando su perfil.
20240608 155355.599 6 El usuario hugo esta consutando su perfil.
20240608 155356.681 6 El usuario hugo esta consutando su perfil.
20240608 155358.383 6 El usuario hugo esta consutando su perfil.
20240608 155359.487 6 El usuario hugo esta consutando su perfil.
20240608 155400.462 6 El usuario hugo esta consutando su perfil.
20240608 155618.817 6 El usuario hugo esta consutando su perfil.
20240608 155618.833 6 El usuario hugo ha entrado a la gestion de grupos.
20240608 155621.009 6 El usuario hugo ha entrado a la creacion de grupos.
20240608 155720.957 6 El usuario hugo ha iniciado sesion.
20240608 155720.958 6 El usuario hugo ha entrado al menu principal.
20240608 155722.673 6 El usuario hugo esta consutando su perfil.
20240608 155730.494 6 El usuario hugo esta consutando su perfil.
20240608 155730.506 6 El usuario hugo ha entrado a la gestion de grupos.
20240608 155731.146 6 El usuario hugo ha entrado a la creacion de grupos.
20240608 155935.781 6 El usuario hugo ha iniciado sesion.
20240608 155935.782 6 El usuario hugo ha entrado al menu principal.
20240608 155938.088 6 El usuario hugo esta consutando su perfil.
20240608 155938.960 6 El usuario hugo esta consutando su perfil.
20240608 155938.975 6 El usuario hugo ha entrado a la gestion de grupos.
20240608 155940.062 6 El usuario hugo ha entrado a la creacion de grupos.
