20240602 134701.149 6 El usuario hugo ha iniciado sesion.
20240602 134701.150 6 El usuario hugo ha entrado al menu principal.
20240602 134702.819 6 El usuario hugo esta consutando su perfil.
20240602 134703.395 6 El usuario hugo esta consutando su perfil.
20240602 134703.399 6 El usuario hugo ha entrado a la gestion de grupos.
20240602 134709.017 6 El usuario hugo esta consutando su perfil.
20240602 134709.755 6 El usuario hugo esta consutando su perfil.
20240602 134709.758 6 El usuario hugo ha entrado a la gestion de grupos.
20240602 134711.816 6 El usuario hugo esta jugando en el grupo j.
20240602 134712.456 6 El usuario hugo esta jugando en el grupo j.
20240602 134712.483 6 El usuario hugo ha acertado la pregunta en el grupo j.
20240602 134712.767 6 El usuario hugo esta jugando en el grupo j.
20240602 134712.917 6 El usuario hugo esta jugando en el grupo j.
20240602 134713.052 6 El usuario hugo esta jugando en el grupo j.
20240602 134713.190 6 El usuario hugo esta jugando en el grupo j.
20240602 134713.214 6 El usuario hugo ha acertado la pregunta en el grupo j.
20240602 134713.455 6 El usuario hugo esta jugando en el grupo j.
20240602 134713.583 6 El usuario hugo esta jugando en el grupo j.
20240602 134713.832 6 El usuario hugo esta jugando en el grupo j.
20240602 134714.101 6 El usuario hugo esta jugando en el grupo j.
20240602 134715.272 6 El usuario hugo ha acertado la pregunta en el grupo j.
20240602 134715.652 6 El usuario hugo esta jugando en el grupo j.
20240602 134715.849 6 El usuario hugo esta jugando en el grupo j.
20240602 134717.156 6 El usuario hugo esta jugando en el grupo j.
20240602 134717.409 6 El usuario hugo esta jugando en el grupo j.
20240602 134717.435 6 El usuario hugo ha acertado la pregunta en el grupo j.
20240602 134717.873 6 El usuario hugo esta jugando en el grupo j.
20240602 134718.040 6 El usuario hugo esta jugando en el grupo j.
20240602 134718.051 6 El usuario hugo ha acertado la pregunta en el grupo j.
20240602 134718.287 6 El usuario hugo esta jugando en el grupo j.
20240602 134718.552 6 El usuario hugo esta jugando en el grupo j.
20240602 134718.782 6 El usuario hugo esta jugando en el grupo j.
20240602 134719.006 6 El usuario hugo esta jugando en el grupo j.
20240602 134719.241 6 El usuario hugo esta jugando en el grupo j.
20240602 134719.489 6 El usuario hugo esta jugando en el grupo j.
20240602 134719.502 6 El usuario hugo ha acertado la pregunta en el grupo j.
20240602 134719.710 6 El usuario hugo esta jugando en el grupo j.
20240602 134719.922 6 El usuario hugo esta jugando en el grupo j.
20240602 134720.125 6 El usuario hugo esta jugando en el grupo j.
20240602 134720.333 6 El usuario hugo esta jugando en el grupo j.
20240602 134720.541 6 El usuario hugo esta jugando en el grupo j.
20240602 134720.763 6 El usuario hugo esta jugando en el grupo j.
20240602 134720.972 6 El usuario hugo esta jugando en el grupo j.
20240602 134720.994 6 El usuario hugo ha acertado la pregunta en el grupo j.
20240602 134721.271 6 El usuario hugo esta jugando en el grupo j.
20240602 134721.667 6 El usuario hugo esta jugando en el grupo j.
20240602 134724.000 6 El usuario hugo esta jugando en el grupo j.
20240602 134724.362 6 El usuario hugo esta jugando en el grupo j.
20240602 134724.392 6 El usuario hugo ha acertado la pregunta en el grupo j.
20240602 134724.526 6 El usuario hugo esta jugando en el grupo j.
20240602 134724.724 6 El usuario hugo esta jugando en el grupo j.
20240602 134725.187 6 El usuario hugo esta jugando en el grupo j.
20240602 134725.720 6 El usuario hugo esta jugando en el grupo j.
20240602 134726.161 6 El usuario hugo esta jugando en el grupo j.
20240602 134726.720 6 El usuario hugo esta jugando en el grupo j.
20240602 134726.743 6 El usuario hugo ha acertado la pregunta en el grupo j.
20240602 134727.195 6 El usuario hugo esta jugando en el grupo j.
20240602 134727.641 6 El usuario hugo esta jugando en el grupo j.
20240602 134728.154 6 El usuario hugo esta jugando en el grupo j.
20240602 134728.177 6 El usuario hugo ha acertado la pregunta en el grupo j.
20240602 134728.594 6 El usuario hugo esta jugando en el grupo j.
20240602 134729.061 6 El usuario hugo esta jugando en el grupo j.
20240602 134729.086 6 El usuario hugo ha acertado la pregunta en el grupo j.
20240602 134729.610 6 El usuario hugo esta jugando en el grupo j.
20240602 134730.314 6 El usuario hugo esta jugando en el grupo j.
20240602 134731.301 6 El usuario hugo esta jugando en el grupo j.
20240602 134732.026 6 El usuario hugo esta jugando en el grupo j.
20240602 134732.545 6 El usuario hugo esta jugando en el grupo j.
20240602 134732.575 6 El usuario hugo ha acertado la pregunta en el grupo j.
20240602 134734.697 6 El usuario hugo esta jugando en el grupo j.
20240602 134734.723 6 El usuario hugo ha acertado la pregunta en el grupo j.
20240602 134734.950 6 El usuario hugo esta jugando en el grupo j.
20240602 134734.978 6 El usuario hugo ha acertado la pregunta en el grupo j.
20240602 134735.280 6 El usuario hugo esta jugando en el grupo j.
20240602 134735.306 6 El usuario hugo ha acertado la pregunta en el grupo j.
20240602 134735.516 6 El usuario hugo esta jugando en el grupo j.
20240602 134735.547 6 El usuario hugo ha acertado la pregunta en el grupo j.
20240602 134735.752 6 El usuario hugo esta jugando en el grupo j.
20240602 134735.779 6 El usuario hugo ha acertado la pregunta en el grupo j.
20240602 134735.886 6 El usuario hugo esta jugando en el grupo j.
20240602 134735.982 6 El usuario hugo esta jugando en el grupo j.
20240602 134738.287 6 El usuario hugo esta consutando su perfil.
20240602 134739.040 6 El usuario hugo esta consutando su perfil.
20240602 134739.561 6 El usuario hugo esta consutando su perfil.
20240602 134739.564 6 El usuario hugo ha entrado a la gestion de grupos.
20240602 134747.239 6 El usuario hugo esta consutando su perfil.
20240602 134749.517 6 El usuario hugo esta consutando su perfil.
20240602 134749.520 6 El usuario hugo ha entrado a la gestion de grupos.
20240602 134752.769 6 El usuario hugo esta consutando su perfil.
20240602 134753.749 6 El usuario hugo esta consutando su perfil.
20240602 134753.751 6 El usuario hugo ha entrado al gestor de amigos.
20240602 135308.344 6 El usuario hugo ha iniciado sesion.
20240602 135308.344 6 El usuario hugo ha entrado al menu principal.
20240602 135309.072 6 El usuario hugo esta consutando su perfil.
20240602 135311.666 6 El usuario hugo esta consutando su perfil.
20240602 135311.669 6 El usuario hugo ha entrado a la gestion de grupos.
20240602 135312.307 6 El usuario hugo ha entrado a la creacion de grupos.
20240602 135320.615 6 El usuario hugo ha creado el grupo test.
20240602 135324.318 6 El usuario hugo esta consutando su perfil.
20240602 135324.984 6 El usuario hugo esta consutando su perfil.
20240602 135324.987 6 El usuario hugo ha entrado a la gestion de grupos.
20240602 135328.605 6 El usuario hugo esta consutando su perfil.
20240602 135329.966 6 El usuario hugo esta consutando su perfil.
20240602 135329.969 6 El usuario hugo ha entrado a la gestion de grupos.
20240602 135331.141 6 El usuario hugo ha entrado a la creacion de grupos.
20240602 135333.954 3 ERROR: No se pudo crear el grupo.
20240602 135438.595 6 El usuario hugo ha iniciado sesion.
20240602 135438.596 6 El usuario hugo ha entrado al menu principal.
20240602 135439.446 6 El usuario hugo esta consutando su perfil.
20240602 135440.109 6 El usuario hugo esta consutando su perfil.
20240602 135440.120 6 El usuario hugo ha entrado a la gestion de grupos.
20240602 135440.680 6 El usuario hugo ha entrado a la creacion de grupos.
20240602 135445.031 3 ERROR: No se pudo crear el grupo.
20240602 135717.911 6 El usuario hugo ha iniciado sesion.
20240602 135717.912 6 El usuario hugo ha entrado al menu principal.
20240602 135719.694 6 El usuario hugo esta consutando su perfil.
20240602 135720.432 6 El usuario hugo esta consutando su perfil.
20240602 135720.439 6 El usuario hugo ha entrado a la gestion de grupos.
20240602 135721.038 6 El usuario hugo ha entrado a la creacion de grupos.
20240602 135726.678 3 ERROR: No se han asignado usuarios al grupo.
20240602 135729.487 3 ERROR: No se han asignado usuarios al grupo.
20240602 140201.204 6 El usuario hugo esta consutando su perfil.
20240602 140215.387 6 El usuario hugo esta consutando su perfil.
20240602 140216.065 6 El usuario hugo esta consutando su perfil.
20240602 140216.068 6 El usuario hugo ha entrado a la gestion de grupos.
20240602 140525.618 6 El usuario hugo ha iniciado sesion.
20240602 140525.618 6 El usuario hugo ha entrado al menu principal.
20240602 140527.423 6 El usuario hugo esta consutando su perfil.
20240602 140528.242 6 El usuario hugo esta consutando su perfil.
20240602 140530.308 6 El usuario hugo esta consutando su perfil.
20240602 140530.314 6 El usuario hugo ha entrado a la gestion de grupos.
20240602 140613.824 6 El usuario hugo ha iniciado sesion.
20240602 140613.825 6 El usuario hugo ha entrado al menu principal.
20240602 140615.317 6 El usuario hugo esta consutando su perfil.
20240602 140619.927 6 El usuario hugo esta consutando su perfil.
20240602 140619.932 6 El usuario hugo ha entrado a la gestion de grupos.
20240602 140628.267 6 El usuario hugo esta consutando su perfil.
20240602 140628.936 6 El usuario hugo esta consutando su perfil.
20240602 140628.938 6 El usuario hugo ha entrado a la gestion de grupos.
20240602 141748.488 6 El usuario hugo ha iniciado sesion.
20240602 141748.488 6 El usuario hugo ha entrado al menu principal.
20240602 141750.268 6 El usuario hugo esta jugando.
20240602 141752.343 6 El usuario hugo esta jugando.
20240602 141752.348 6 El usuario hugo ha acertado la pregunta.
20240602 141752.970 6 El usuario hugo esta jugando.
20240602 141753.025 6 El usuario hugo ha fallado la pregunta
20240602 141753.651 6 El usuario hugo esta jugando.
20240602 141753.706 6 El usuario hugo ha fallado la pregunta
20240602 141754.483 6 El usuario hugo esta jugando.
20240602 141754.539 6 El usuario hugo ha acertado la pregunta.
20240602 141755.541 6 El usuario hugo esta jugando.
20240602 141755.591 6 El usuario hugo ha fallado la pregunta
20240602 144712.019 6 El usuario hugo ha iniciado sesion.
20240602 144712.019 6 El usuario hugo ha entrado al menu principal.
20240602 144712.606 6 El usuario hugo esta consutando su perfil.
20240602 144713.727 6 El usuario hugo esta consutando su perfil.
20240602 144713.733 6 El usuario hugo ha entrado a la gestion de grupos.
20240602 144716.443 6 El usuario hugo esta jugando.
20240602 144748.612 6 El usuario hugo ha iniciado sesion.
20240602 144748.612 6 El usuario hugo ha entrado al menu principal.
20240602 144749.781 6 El usuario hugo esta jugando.
20240602 144816.735 6 El usuario hugo ha iniciado sesion.
20240602 144816.735 6 El usuario hugo ha entrado al menu principal.
20240602 144818.379 6 El usuario hugo esta jugando.
20240602 144819.541 6 El usuario hugo esta jugando.
20240602 144819.597 6 El usuario hugo ha fallado la pregunta
20240602 144819.898 6 El usuario hugo esta jugando.
20240602 144819.965 6 El usuario hugo ha fallado la pregunta
20240602 144820.323 6 El usuario hugo esta jugando.
20240602 144820.380 6 El usuario hugo ha fallado la pregunta
20240602 144820.988 6 El usuario hugo esta jugando.
20240602 144821.049 6 El usuario hugo ha fallado la pregunta
20240602 144821.529 6 El usuario hugo esta jugando.
20240602 144821.540 6 El usuario hugo ha fallado la pregunta
20240602 145404.468 6 El usuario hugo esta consutando su perfil.
20240602 145412.531 6 El usuario hugo esta consutando su perfil.
20240602 145528.895 6 El usuario hugo ha iniciado sesion.
20240602 145528.896 6 El usuario hugo ha entrado al menu principal.
20240602 145531.880 6 El usuario hugo esta consutando su perfil.
20240602 145545.312 6 El usuario hugo esta consutando su perfil.
20240602 145545.728 6 El usuario hugo esta consutando su perfil.
20240602 145546.331 6 El usuario hugo esta consutando su perfil.
20240602 145546.806 6 El usuario hugo esta consutando su perfil.
20240602 145547.359 6 El usuario hugo esta consutando su perfil.
20240602 145646.554 6 El usuario hugo ha iniciado sesion.
20240602 145646.555 6 El usuario hugo ha entrado al menu principal.
20240602 145649.973 6 El usuario hugo esta consutando su perfil.
20240602 145806.086 6 El usuario hugo ha iniciado sesion.
20240602 145806.086 6 El usuario hugo ha entrado al menu principal.
20240602 145807.005 6 El usuario hugo esta consutando su perfil.
20240602 145810.998 6 El usuario hugo esta consutando su perfil.
20240602 145811.716 6 El usuario hugo esta consutando su perfil.
20240602 145812.127 6 El usuario hugo esta consutando su perfil.
20240602 145812.595 6 El usuario hugo esta consutando su perfil.
20240602 145813.195 6 El usuario hugo esta consutando su perfil.
20240602 145814.069 6 El usuario hugo esta consutando su perfil.
20240602 145814.661 6 El usuario hugo esta consutando su perfil.
20240602 150114.232 6 El usuario hugo ha iniciado sesion.
20240602 150114.244 6 El usuario hugo ha entrado al menu principal.
20240602 150116.648 6 El usuario hugo esta consutando su perfil.
20240602 150222.542 6 El usuario hugo ha iniciado sesion.
20240602 150222.542 6 El usuario hugo ha entrado al menu principal.
20240602 150225.350 6 El usuario hugo esta consutando su perfil.
20240602 165537.358 6 El usuario hugo ha iniciado sesion.
20240602 165537.358 6 El usuario hugo ha entrado al menu principal.
20240602 165540.210 6 El usuario hugo esta consutando su perfil.
20240602 165541.133 6 El usuario hugo esta consutando su perfil.
20240602 165541.142 6 El usuario hugo ha cerrado sesion.
20240602 165548.266 3 ERROR: No se encontro el usuario.
20240602 165556.347 6 El usuario admin ha iniciado sesion.
20240602 165556.348 6 El usuario admin ha entrado al gestor de preguntas.
20240602 165608.713 6 El usuario admin ha creado una nueva pregunta.
20240602 165834.814 6 El usuario admin ha iniciado sesion.
20240602 165834.815 6 El usuario admin ha entrado al gestor de preguntas.
20240602 170246.811 6 El usuario admin ha iniciado sesion.
20240602 170246.811 6 El usuario admin ha entrado al gestor de preguntas.
20240602 175627.144 6 El usuario admin ha iniciado sesion.
20240602 175627.145 6 El usuario admin ha entrado al gestor de preguntas.
20240602 180002.745 6 El usuario admin esta consutando su perfil.
20240602 180041.643 6 El usuario admin se ha registrado en Axon.
20240602 180041.644 6 El usuario admin ha entrado al menu principal.
20240602 180047.205 6 El usuario admin esta consutando su perfil.
20240602 180049.349 6 El usuario admin esta consutando su perfil.
20240602 180049.351 6 El usuario admin ha cerrado sesion.
20240602 180054.054 6 El usuario hugo ha iniciado sesion.
20240602 180054.057 6 El usuario hugo ha entrado al menu principal.
20240602 180056.558 6 El usuario hugo esta consutando su perfil.
20240602 180058.110 6 El usuario hugo esta consutando su perfil.
20240602 180058.117 6 El usuario hugo ha cerrado sesion.
20240602 180103.664 6 El usuario admin ha iniciado sesion.
20240602 180103.664 6 El usuario admin ha entrado al gestor de preguntas.
20240602 180106.767 6 El usuario admin ha creado una nueva pregunta.
20240602 180108.063 6 El usuario admin ha creado una nueva pregunta.
20240602 180439.271 6 El usuario admin ha iniciado sesion.
20240602 180439.271 6 El usuario admin ha entrado al gestor de preguntas.
20240602 180445.605 3 ERROR: Los campos de las preguntas estan vacios.
20240602 180458.323 6 El usuario admin ha creado una nueva pregunta.
20240602 190236.726 6 El usuario hugo ha iniciado sesion.
20240602 190236.728 6 El usuario hugo ha entrado al menu principal.
20240602 190238.307 6 El usuario hugo esta consutando su perfil.
20240602 190238.942 6 El usuario hugo esta consutando su perfil.
20240602 190238.947 6 El usuario hugo ha cerrado sesion.
20240602 190246.121 6 El usuario admin ha iniciado sesion.
20240602 190246.122 6 El usuario admin ha entrado al gestor de preguntas.
20240602 190330.373 3 ERROR: Los campos de las preguntas estan vacios.
20240602 190459.322 6 El usuario admin ha iniciado sesion.
20240602 190459.323 6 El usuario admin ha entrado al gestor de preguntas.
20240602 190635.763 6 El usuario admin ha iniciado sesion.
20240602 190635.763 6 El usuario admin ha entrado al gestor de preguntas.
20240602 190851.342 6 El usuario admin ha iniciado sesion.
20240602 190851.342 6 El usuario admin ha entrado al gestor de preguntas.
20240602 191039.265 6 El usuario admin ha iniciado sesion.
20240602 191039.266 6 El usuario admin ha entrado al gestor de preguntas.
20240602 191140.955 6 El usuario admin ha iniciado sesion.
20240602 191140.955 6 El usuario admin ha entrado al gestor de preguntas.
20240602 192708.087 6 El usuario admin ha iniciado sesion.
20240602 192708.089 6 El usuario admin ha entrado al gestor de preguntas.
20240602 192819.536 6 El usuario admin esta consutando su perfil.
20240602 192820.338 6 El usuario admin esta consutando su perfil.
20240602 192820.339 6 El usuario admin ha cerrado sesion.
20240602 192850.241 6 El usuario admin ha iniciado sesion.
20240602 192850.241 6 El usuario admin ha entrado al gestor de preguntas.
20240602 193048.273 6 El usuario admin ha iniciado sesion.
20240602 193048.273 6 El usuario admin ha entrado al gestor de preguntas.
20240602 193120.435 6 El usuario admin ha iniciado sesion.
20240602 193120.435 6 El usuario admin ha entrado al gestor de preguntas.
20240602 201638.203 6 El usuario admin ha iniciado sesion.
20240602 201638.204 6 El usuario admin ha entrado al gestor de preguntas.
20240602 201912.566 6 El usuario admin ha iniciado sesion.
20240602 201912.566 6 El usuario admin ha entrado al gestor de preguntas.
20240602 202039.583 6 El usuario admin ha iniciado sesion.
20240602 202039.584 6 El usuario admin ha entrado al gestor de preguntas.
20240602 203423.756 6 El usuario admin ha iniciado sesion.
20240602 203423.756 6 El usuario admin ha entrado al gestor de preguntas.
20240602 203841.669 6 El usuario admin esta consutando su perfil.
20240602 203842.501 6 El usuario admin esta consutando su perfil.
20240602 203842.502 6 El usuario admin ha cerrado sesion.
20240602 203850.264 6 El usuario hugo ha iniciado sesion.
20240602 203850.264 6 El usuario hugo ha entrado al menu principal.
20240602 203851.753 6 El usuario hugo esta consutando su perfil.
20240602 203852.423 6 El usuario hugo esta consutando su perfil.
20240602 203852.429 6 El usuario hugo ha entrado a la gestion de grupos.
20240602 204052.752 6 El usuario hugo ha iniciado sesion.
20240602 204052.752 6 El usuario hugo ha entrado al menu principal.
20240602 204054.988 6 El usuario hugo esta consutando su perfil.
20240602 204056.018 6 El usuario hugo esta consutando su perfil.
20240602 204057.075 6 El usuario hugo esta consutando su perfil.
20240602 204057.080 6 El usuario hugo ha entrado a la gestion de grupos.
20240602 204134.728 6 El usuario hugo esta consutando su perfil.
20240602 204145.774 6 El usuario hugo esta consutando su perfil.
20240602 204148.609 6 El usuario hugo esta consutando su perfil.
20240602 204149.064 6 El usuario hugo esta consutando su perfil.
20240602 204149.815 6 El usuario hugo esta consutando su perfil.
20240602 204150.797 6 El usuario hugo esta consutando su perfil.
20240602 204153.981 6 El usuario hugo esta consutando su perfil.
20240602 204157.642 6 El usuario hugo esta consutando su perfil.
20240602 204547.060 6 El usuario admin ha iniciado sesion.
20240602 204547.060 6 El usuario admin ha entrado al gestor de preguntas.
20240602 204711.013 6 El usuario admin ha iniciado sesion.
20240602 204711.013 6 El usuario admin ha entrado al gestor de preguntas.
20240602 204828.436 6 El usuario admin ha iniciado sesion.
20240602 204828.437 6 El usuario admin ha entrado al gestor de preguntas.
20240602 205052.245 6 El usuario admin ha iniciado sesion.
20240602 205052.246 6 El usuario admin ha entrado al gestor de preguntas.
20240602 205640.836 6 El usuario admin ha iniciado sesion.
20240602 205640.837 6 El usuario admin ha entrado al gestor de preguntas.
20240602 205722.914 6 El usuario admin esta consutando su perfil.
20240602 205723.972 6 El usuario admin esta consutando su perfil.
20240602 205723.975 6 El usuario admin ha cerrado sesion.
20240602 205729.753 6 El usuario admin ha iniciado sesion.
20240602 205729.754 6 El usuario admin ha entrado al gestor de preguntas.
20240602 205946.541 6 El usuario admin ha iniciado sesion.
20240602 205946.542 6 El usuario admin ha entrado al gestor de preguntas.
20240602 210531.594 6 El usuario admin ha iniciado sesion.
20240602 210531.594 6 El usuario admin ha entrado al gestor de preguntas.
