20240607 110042.475 6 El usuario admin ha iniciado sesion.
20240607 110042.479 6 El usuario admin ha entrado al gestor de preguntas.
20240607 113419.653 6 El usuario admin ha iniciado sesion.
20240607 113419.655 6 El usuario admin ha entrado al gestor de preguntas.
20240607 113515.009 6 El usuario admin ha iniciado sesion.
20240607 113515.011 6 El usuario admin ha entrado al gestor de preguntas.
20240607 113621.324 6 El usuario admin ha iniciado sesion.
20240607 113621.328 6 El usuario admin ha entrado al gestor de preguntas.
20240607 113931.935 6 El usuario admin ha iniciado sesion.
20240607 113931.937 6 El usuario admin ha entrado al gestor de preguntas.
20240607 114144.506 6 El usuario admin ha iniciado sesion.
20240607 114144.509 6 El usuario admin ha entrado al gestor de preguntas.
20240607 114457.482 6 El usuario admin ha iniciado sesion.
20240607 114457.484 6 El usuario admin ha entrado al gestor de preguntas.
20240607 114554.228 6 El usuario admin ha iniciado sesion.
20240607 114554.230 6 El usuario admin ha entrado al gestor de preguntas.
20240607 114728.445 6 El usuario admin ha iniciado sesion.
20240607 114728.448 6 El usuario admin ha entrado al gestor de preguntas.
20240607 115108.121 6 El usuario admin ha iniciado sesion.
20240607 115108.123 6 El usuario admin ha entrado al gestor de preguntas.
20240607 120002.437 6 El usuario admin ha iniciado sesion.
20240607 120002.440 6 El usuario admin ha entrado al gestor de preguntas.
20240607 120037.497 6 El usuario admin ha iniciado sesion.
20240607 120037.498 6 El usuario admin ha entrado al gestor de preguntas.
20240607 120111.676 6 El usuario admin ha iniciado sesion.
20240607 120111.678 6 El usuario admin ha entrado al gestor de preguntas.
20240607 121129.693 6 El usuario admin ha iniciado sesion.
20240607 121129.698 6 El usuario admin ha entrado al gestor de preguntas.
20240607 122134.418 6 El usuario admin ha iniciado sesion.
20240607 122134.420 6 El usuario admin ha entrado al gestor de preguntas.
20240607 122218.988 6 El usuario admin ha iniciado sesion.
20240607 122218.989 6 El usuario admin ha entrado al gestor de preguntas.
20240607 122734.402 6 El usuario admin ha iniciado sesion.
20240607 122734.402 6 El usuario admin ha entrado al gestor de preguntas.
20240607 122802.056 6 El usuario admin ha iniciado sesion.
20240607 122802.057 6 El usuario admin ha entrado al gestor de preguntas.
20240607 122908.229 6 El usuario admin ha iniciado sesion.
20240607 122908.230 6 El usuario admin ha entrado al gestor de preguntas.
20240607 123017.003 6 El usuario admin ha iniciado sesion.
20240607 123017.006 6 El usuario admin ha entrado al gestor de preguntas.
20240607 123314.398 6 El administrador ha cerrado sesion.
20240607 131550.999 6 El usuario hugo ha iniciado sesion.
20240607 131551.002 6 El usuario hugo ha entrado al menu principal.
20240607 131658.824 6 El usuario hugo ha iniciado sesion.
20240607 131658.841 6 El usuario hugo ha entrado al menu principal.
20240607 131921.769 6 El usuario hugo ha iniciado sesion.
20240607 131921.780 6 El usuario hugo ha entrado al menu principal.
20240607 132003.120 6 El usuario hugo ha iniciado sesion.
20240607 132003.128 6 El usuario hugo ha entrado al menu principal.
20240607 132030.322 6 El usuario hugo ha iniciado sesion.
20240607 132030.334 6 El usuario hugo ha entrado al menu principal.
20240607 132416.931 6 El usuario hugo ha iniciado sesion.
20240607 132416.955 6 El usuario hugo ha entrado al menu principal.
20240607 132500.045 6 El usuario hugo ha iniciado sesion.
20240607 132500.058 6 El usuario hugo ha entrado al menu principal.
