20240601 192541.836 6 El usuario hugo se ha registrado en Axon.
20240601 192541.837 6 El usuario hugo ha entrado al menu principal.
20240601 192544.745 6 El usuario hugo esta jugando.
20240601 192546.614 6 El usuario hugo esta jugando.
20240601 192546.675 6 El usuario hugo ha fallado la pregunta
20240601 192547.685 6 El usuario hugo esta jugando.
20240601 192547.743 6 El usuario hugo ha fallado la pregunta
20240601 192548.454 6 El usuario hugo esta jugando.
20240601 192548.514 6 El usuario hugo ha fallado la pregunta
20240601 192549.228 6 El usuario hugo esta jugando.
20240601 192549.283 6 El usuario hugo ha fallado la pregunta
20240601 192550.084 6 El usuario hugo esta jugando.
20240601 192550.125 6 El usuario hugo ha fallado la pregunta
20240601 192551.495 6 El usuario hugo esta consutando su perfil.
20240601 192636.640 6 El usuario hugo se ha registrado en Axon.
20240601 192636.640 6 El usuario hugo ha entrado al menu principal.
20240601 192639.024 6 El usuario hugo esta jugando.
20240601 192639.869 6 El usuario hugo esta jugando.
20240601 192639.927 6 El usuario hugo ha fallado la pregunta
20240601 192640.364 6 El usuario hugo esta jugando.
20240601 192640.423 6 El usuario hugo ha acertado la pregunta.
20240601 192640.814 6 El usuario hugo esta jugando.
20240601 192640.884 6 El usuario hugo ha fallado la pregunta
20240601 192641.302 6 El usuario hugo esta jugando.
20240601 192641.359 6 El usuario hugo ha acertado la pregunta.
20240601 192642.203 6 El usuario hugo esta jugando.
20240601 192642.261 6 El usuario hugo ha acertado la pregunta.
20240601 192643.598 6 El usuario hugo esta consutando su perfil.
20240601 192644.881 6 El usuario hugo esta consutando su perfil.
20240601 192645.912 6 El usuario hugo esta consutando su perfil.
20240601 192646.623 6 El usuario hugo esta consutando su perfil.
20240601 192647.080 6 El usuario hugo esta consutando su perfil.
20240601 192647.678 6 El usuario hugo esta consutando su perfil.
20240601 192656.280 6 El usuario hugo esta jugando.
20240601 192657.442 6 El usuario hugo esta consutando su perfil.
20240601 192659.077 6 El usuario hugo esta consutando su perfil.
20240601 192659.611 6 El usuario hugo esta consutando su perfil.
20240601 192700.175 6 El usuario hugo esta consutando su perfil.
20240601 192700.576 6 El usuario hugo esta consutando su perfil.
20240601 192700.930 6 El usuario hugo esta consutando su perfil.
20240601 192851.702 6 El usuario hugo ha iniciado sesion.
20240601 192851.703 6 El usuario hugo ha entrado al menu principal.
20240601 193159.459 6 El usuario  se ha registrado en Axon.
20240601 193159.460 6 El usuario  ha entrado al menu principal.
20240601 193228.299 6 El usuario ariadna  se ha registrado en Axon.
20240601 193228.300 6 El usuario ariadna  ha entrado al menu principal.
20240601 193248.341 6 El usuario ariadna  esta jugando.
20240601 193255.239 6 El usuario ariadna  esta jugando.
20240601 193255.248 6 El usuario ariadna  ha acertado la pregunta.
20240601 193259.994 6 El usuario ariadna  esta jugando.
20240601 193259.999 6 El usuario ariadna  ha acertado la pregunta.
20240601 193306.501 6 El usuario ariadna  esta jugando.
20240601 193306.509 6 El usuario ariadna  ha fallado la pregunta
20240601 193311.111 6 El usuario ariadna  esta jugando.
20240601 193311.118 6 El usuario ariadna  ha acertado la pregunta.
20240601 193322.496 6 El usuario ariadna  esta jugando.
20240601 193322.539 6 El usuario ariadna  ha fallado la pregunta
20240601 193335.837 6 El usuario ariadna  esta consutando su perfil.
20240601 193345.690 6 El usuario ariadna  esta consutando su perfil.
20240601 193345.692 6 El usuario ariadna  ha entrado al gestor de amigos.
20240601 193351.002 6 El usuario ariadna  ha agregado un nuevo amigo.
20240601 193355.562 6 El usuario ariadna  esta jugando.
20240601 193400.337 6 El usuario ariadna  esta consutando su perfil.
20240601 193404.590 6 El usuario ariadna  esta consutando su perfil.
20240601 193412.684 6 El usuario ariadna  esta consutando su perfil.
20240601 193416.984 6 El usuario ariadna  esta consutando su perfil.
20240601 193416.986 6 El usuario ariadna  ha entrado a la gestion de grupos.
20240601 193421.327 6 El usuario ariadna  ha entrado a la creacion de grupos.
20240601 193439.776 6 El usuario ariadna  ha creado el grupo .
20240601 193451.660 6 El usuario ariadna  esta consutando su perfil.
20240601 193458.617 6 El usuario ariadna  esta consutando su perfil.
20240601 193500.405 6 El usuario ariadna  esta consutando su perfil.
20240601 193504.506 6 El usuario ariadna  esta consutando su perfil.
20240601 193623.101 6 El usuario ariadna  esta consutando su perfil.
20240601 193630.285 6 El usuario ariadna  esta consutando su perfil.
20240601 193631.555 6 El usuario ariadna  esta consutando su perfil.
20240601 193631.557 6 El usuario ariadna  ha cerrado sesion.
20240601 193641.832 3 ERROR: El usuario ya existe.
20240601 193651.654 6 El usuario hugo ha iniciado sesion.
20240601 193651.655 6 El usuario hugo ha entrado al menu principal.
20240601 193656.066 6 El usuario hugo esta jugando.
20240601 193659.797 6 El usuario hugo esta jugando.
20240601 193659.815 6 El usuario hugo ha acertado la pregunta.
20240601 193707.337 6 El usuario hugo esta jugando.
20240601 193707.346 6 El usuario hugo ha fallado la pregunta
20240601 193716.616 6 El usuario hugo esta jugando.
20240601 193716.623 6 El usuario hugo ha fallado la pregunta
20240601 193719.556 6 El usuario hugo esta jugando.
20240601 193719.579 6 El usuario hugo ha fallado la pregunta
20240601 193724.752 6 El usuario hugo esta jugando.
20240601 193724.777 6 El usuario hugo ha fallado la pregunta
20240601 193729.348 6 El usuario hugo esta consutando su perfil.
20240601 193733.028 6 El usuario hugo esta consutando su perfil.
20240601 193737.158 6 El usuario hugo esta consutando su perfil.
20240601 193738.313 6 El usuario hugo esta consutando su perfil.
20240601 193738.316 6 El usuario hugo ha entrado al gestor de amigos.
20240601 193746.588 6 El usuario hugo ha agregado un nuevo amigo.
20240601 193750.753 6 El usuario hugo esta consutando su perfil.
20240601 193752.790 6 El usuario hugo esta consutando su perfil.
20240601 193752.794 6 El usuario hugo ha entrado a la gestion de grupos.
20240601 193802.361 6 El usuario hugo esta consutando su perfil.
20240601 193806.971 6 El usuario hugo esta consutando su perfil.
20240601 193806.974 6 El usuario hugo ha entrado a la gestion de grupos.
20240601 193809.648 6 El usuario hugo ha entrado a la creacion de grupos.
20240601 193823.641 6 El usuario hugo esta consutando su perfil.
20240601 193826.100 6 El usuario hugo esta consutando su perfil.
20240601 193826.103 6 El usuario hugo ha cerrado sesion.
20240601 193845.991 3 ERROR: No se encontro el usuario.
20240601 193849.049 6 El usuario  ha iniciado sesion.
20240601 193849.050 6 El usuario  ha entrado al menu principal.
20240601 193901.238 3 ERROR: No se encontro el usuario.
20240601 193914.611 6 El usuario ariadna se ha registrado en Axon.
20240601 193914.611 6 El usuario ariadna ha entrado al menu principal.
20240601 193918.555 6 El usuario ariadna esta jugando.
20240601 193921.489 6 El usuario ariadna esta jugando.
20240601 193921.494 6 El usuario ariadna ha acertado la pregunta.
20240601 193926.824 6 El usuario ariadna esta jugando.
20240601 193926.846 6 El usuario ariadna ha fallado la pregunta
20240601 193930.192 6 El usuario ariadna esta jugando.
20240601 193930.200 6 El usuario ariadna ha fallado la pregunta
20240601 193933.282 6 El usuario ariadna esta jugando.
20240601 193933.309 6 El usuario ariadna ha acertado la pregunta.
20240601 193937.821 6 El usuario ariadna esta jugando.
20240601 193937.848 6 El usuario ariadna ha fallado la pregunta
20240601 193941.144 6 El usuario ariadna esta consutando su perfil.
20240601 193944.473 6 El usuario ariadna esta consutando su perfil.
20240601 193948.949 6 El usuario ariadna esta consutando su perfil.
20240601 193950.662 6 El usuario ariadna esta consutando su perfil.
20240601 193950.664 6 El usuario ariadna ha entrado a la gestion de grupos.
20240601 193958.890 6 El usuario ariadna esta consutando su perfil.
20240601 193959.996 6 El usuario ariadna esta consutando su perfil.
20240601 193959.998 6 El usuario ariadna ha cerrado sesion.
20240601 194008.798 6 El usuario ariadna  ha iniciado sesion.
20240601 194008.799 6 El usuario ariadna  ha entrado al menu principal.
20240601 194011.309 6 El usuario ariadna  esta jugando.
20240601 194024.904 6 El usuario ariadna  esta jugando.
20240601 194024.925 6 El usuario ariadna  ha acertado la pregunta.
20240601 194039.519 6 El usuario ariadna  esta jugando.
20240601 194039.526 6 El usuario ariadna  ha acertado la pregunta.
20240601 194046.048 6 El usuario ariadna  esta jugando.
20240601 194046.056 6 El usuario ariadna  ha acertado la pregunta.
20240601 194049.731 6 El usuario ariadna  esta jugando.
20240601 194049.758 6 El usuario ariadna  ha fallado la pregunta
20240601 194054.424 6 El usuario ariadna  esta jugando.
20240601 194054.449 6 El usuario ariadna  ha acertado la pregunta.
20240601 194057.635 6 El usuario ariadna  esta consutando su perfil.
20240601 194059.914 6 El usuario ariadna  esta consutando su perfil.
20240601 194059.917 6 El usuario ariadna  ha entrado a la gestion de grupos.
20240601 194109.131 6 El usuario ariadna  esta consutando su perfil.
20240601 194112.183 6 El usuario ariadna  esta consutando su perfil.
20240601 194115.347 6 El usuario ariadna  esta consutando su perfil.
20240601 194115.350 6 El usuario ariadna  ha entrado al gestor de amigos.
20240601 194123.897 6 El usuario ariadna  esta jugando.
20240601 194125.981 6 El usuario ariadna  esta consutando su perfil.
20240601 194128.102 6 El usuario ariadna  esta consutando su perfil.
20240601 194129.475 6 El usuario ariadna  esta consutando su perfil.
20240601 194129.479 6 El usuario ariadna  ha entrado a la gestion de grupos.
20240601 194131.595 6 El usuario ariadna  esta jugando en el grupo .
20240601 194134.783 6 El usuario ariadna  esta jugando en el grupo .
20240601 194137.640 6 El usuario ariadna  esta jugando en el grupo .
20240601 194142.198 6 El usuario ariadna  esta jugando en el grupo .
20240601 194142.209 6 El usuario ariadna  ha acertado la pregunta en el grupo .
20240601 194157.272 6 El usuario ariadna  esta jugando en el grupo .
20240601 194200.310 6 El usuario ariadna  esta jugando en el grupo .
20240601 194203.456 6 El usuario ariadna  esta jugando en el grupo .
20240601 194207.482 6 El usuario ariadna  esta jugando en el grupo .
20240601 194210.622 6 El usuario ariadna  esta jugando en el grupo .
20240601 194212.634 6 El usuario ariadna  esta jugando en el grupo .
20240601 194212.642 6 El usuario ariadna  ha acertado la pregunta en el grupo .
20240601 194217.074 6 El usuario ariadna  esta jugando en el grupo .
20240601 194219.263 6 El usuario ariadna  esta jugando en el grupo .
20240601 194223.538 6 El usuario ariadna  esta jugando en el grupo .
20240601 194223.546 6 El usuario ariadna  ha acertado la pregunta en el grupo .
20240601 194225.830 6 El usuario ariadna  esta jugando en el grupo .
20240601 194225.835 6 El usuario ariadna  ha acertado la pregunta en el grupo .
20240601 194230.066 6 El usuario ariadna  esta jugando en el grupo .
20240601 194232.773 6 El usuario ariadna  esta jugando en el grupo .
20240601 194235.819 6 El usuario ariadna  esta jugando en el grupo .
20240601 194242.566 6 El usuario ariadna  esta jugando en el grupo .
20240601 194244.870 6 El usuario ariadna  esta jugando en el grupo .
20240601 194247.439 6 El usuario ariadna  esta jugando en el grupo .
20240601 194250.859 6 El usuario ariadna  esta jugando en el grupo .
20240601 194252.500 6 El usuario ariadna  esta jugando en el grupo .
20240601 194253.096 6 El usuario ariadna  esta jugando en el grupo .
20240601 194253.686 6 El usuario ariadna  esta jugando en el grupo .
20240601 194254.176 6 El usuario ariadna  esta jugando en el grupo .
20240601 194254.574 6 El usuario ariadna  esta jugando en el grupo .
20240601 194255.219 6 El usuario ariadna  esta jugando en el grupo .
20240601 194255.247 6 El usuario ariadna  ha acertado la pregunta en el grupo .
20240601 194255.756 6 El usuario ariadna  esta jugando en el grupo .
20240601 194256.536 6 El usuario ariadna  esta jugando en el grupo .
20240601 194337.144 6 El usuario ariadna  esta jugando en el grupo .
20240601 194337.156 6 El usuario ariadna  ha acertado la pregunta en el grupo .
20240601 194356.642 6 El usuario ariadna  esta jugando en el grupo .
20240601 194356.652 6 El usuario ariadna  ha acertado la pregunta en el grupo .
20240601 194407.844 6 El usuario ariadna  esta jugando en el grupo .
20240601 194407.849 6 El usuario ariadna  ha acertado la pregunta en el grupo .
20240601 194412.248 6 El usuario ariadna  esta jugando en el grupo .
20240601 194412.258 6 El usuario ariadna  ha acertado la pregunta en el grupo .
20240601 194430.587 6 El usuario ariadna  esta jugando en el grupo .
20240601 194430.617 6 El usuario ariadna  ha acertado la pregunta en el grupo .
20240601 194437.827 6 El usuario ariadna  esta jugando en el grupo .
20240601 194437.836 6 El usuario ariadna  ha acertado la pregunta en el grupo .
20240601 194440.936 6 El usuario ariadna  esta jugando en el grupo .
20240601 194440.970 6 El usuario ariadna  ha acertado la pregunta en el grupo .
20240601 194443.538 6 El usuario ariadna  esta jugando en el grupo .
20240601 194443.547 6 El usuario ariadna  ha acertado la pregunta en el grupo .
20240601 194444.892 6 El usuario ariadna  esta jugando en el grupo .
20240601 194457.309 6 El usuario ariadna  esta jugando en el grupo .
20240601 194457.314 6 El usuario ariadna  ha acertado la pregunta en el grupo .
20240601 194518.423 6 El usuario ariadna  esta consutando su perfil.
20240601 194522.842 6 El usuario ariadna  esta consutando su perfil.
20240601 194522.848 6 El usuario ariadna  ha cerrado sesion.
20240601 194533.831 6 El usuario ariadna ha iniciado sesion.
20240601 194533.831 6 El usuario ariadna ha entrado al menu principal.
20240601 194548.265 6 El usuario ariadna esta jugando.
20240601 194556.272 6 El usuario ariadna esta jugando.
20240601 194556.304 6 El usuario ariadna ha fallado la pregunta
20240601 194557.756 6 El usuario ariadna esta jugando.
20240601 194557.785 6 El usuario ariadna ha fallado la pregunta
20240601 194559.248 6 El usuario ariadna esta jugando.
20240601 194559.274 6 El usuario ariadna ha acertado la pregunta.
20240601 194600.499 6 El usuario ariadna esta jugando.
20240601 194600.509 6 El usuario ariadna ha acertado la pregunta.
20240601 194601.310 6 El usuario ariadna esta jugando.
20240601 194601.316 6 El usuario ariadna ha acertado la pregunta.
20240601 194604.219 6 El usuario ariadna esta consutando su perfil.
20240601 194606.434 6 El usuario ariadna esta consutando su perfil.
20240601 194606.436 6 El usuario ariadna ha entrado a la gestion de grupos.
20240601 194617.431 6 El usuario ariadna esta consutando su perfil.
20240601 194620.316 6 El usuario ariadna esta consutando su perfil.
20240601 194620.319 6 El usuario ariadna ha entrado al gestor de amigos.
20240601 194657.930 6 El usuario ariadna ha agregado un nuevo amigo.
20240601 194700.949 6 El usuario ariadna esta consutando su perfil.
20240601 194701.778 6 El usuario ariadna esta consutando su perfil.
20240601 194701.781 6 El usuario ariadna ha cerrado sesion.
20240601 194710.083 6 El usuario ariadna ha iniciado sesion.
20240601 194710.083 6 El usuario ariadna ha entrado al menu principal.
20240601 194710.780 6 El usuario ariadna esta consutando su perfil.
20240601 194712.718 6 El usuario ariadna esta consutando su perfil.
20240601 194712.721 6 El usuario ariadna ha entrado al gestor de amigos.
20240601 194716.334 6 El usuario ariadna esta consutando su perfil.
20240601 194717.445 6 El usuario ariadna esta consutando su perfil.
20240601 194717.451 6 El usuario ariadna ha entrado a la gestion de grupos.
20240601 194718.618 6 El usuario ariadna ha entrado a la creacion de grupos.
20240601 194729.603 6 El usuario ariadna esta consutando su perfil.
20240601 194730.509 6 El usuario ariadna esta consutando su perfil.
20240601 194730.516 6 El usuario ariadna ha entrado a la gestion de grupos.
20240601 194731.373 6 El usuario ariadna ha entrado a la creacion de grupos.
20240601 194747.921 3 ERROR: No se pudo crear el grupo.
20240601 194756.562 6 El usuario ariadna esta consutando su perfil.
20240601 194757.262 6 El usuario ariadna esta consutando su perfil.
20240601 194757.265 6 El usuario ariadna ha entrado a la gestion de grupos.
20240601 194804.138 6 El usuario ariadna esta consutando su perfil.
20240601 194805.385 6 El usuario ariadna esta consutando su perfil.
20240601 194805.392 6 El usuario ariadna ha cerrado sesion.
20240601 194810.836 6 El usuario hugo ha iniciado sesion.
20240601 194810.838 6 El usuario hugo ha entrado al menu principal.
20240601 194811.976 6 El usuario hugo esta consutando su perfil.
20240601 194812.677 6 El usuario hugo esta consutando su perfil.
20240601 194812.685 6 El usuario hugo ha entrado a la gestion de grupos.
20240601 195016.041 6 El usuario ariadna ha iniciado sesion.
20240601 195016.041 6 El usuario ariadna ha entrado al menu principal.
20240601 195017.172 6 El usuario ariadna esta consutando su perfil.
20240601 195018.221 6 El usuario ariadna esta consutando su perfil.
20240601 195018.824 6 El usuario ariadna esta consutando su perfil.
20240601 195018.828 6 El usuario ariadna ha entrado a la gestion de grupos.
20240601 195019.984 6 El usuario ariadna ha entrado a la creacion de grupos.
20240601 195031.210 6 El usuario ariadna ha creado el grupo j.
20240601 195034.302 6 El usuario ariadna esta consutando su perfil.
20240601 195035.150 6 El usuario ariadna esta consutando su perfil.
20240601 195035.156 6 El usuario ariadna ha entrado a la gestion de grupos.
20240601 195041.771 6 El usuario ariadna esta consutando su perfil.
20240601 195042.344 6 El usuario ariadna esta consutando su perfil.
20240601 195042.348 6 El usuario ariadna ha cerrado sesion.
20240601 195051.742 6 El usuario ariadna ha iniciado sesion.
20240601 195051.742 6 El usuario ariadna ha entrado al menu principal.
20240601 195052.794 6 El usuario ariadna esta consutando su perfil.
20240601 195053.407 6 El usuario ariadna esta consutando su perfil.
20240601 195053.411 6 El usuario ariadna ha entrado a la gestion de grupos.
20240601 201115.174 3 ERROR: El usuario ya existe.
20240601 201121.507 6 El usuario hugo ha iniciado sesion.
20240601 201121.508 6 El usuario hugo ha entrado al menu principal.
20240601 201131.696 6 El usuario hugo esta consutando su perfil.
20240601 201135.406 6 El usuario hugo esta consutando su perfil.
20240601 201136.477 6 El usuario hugo esta consutando su perfil.
20240601 201136.480 6 El usuario hugo ha entrado a la gestion de grupos.
20240601 201158.940 6 El usuario hugo esta consutando su perfil.
20240601 201159.822 6 El usuario hugo esta consutando su perfil.
20240601 201159.829 6 El usuario hugo ha entrado a la gestion de grupos.
20240601 201541.990 6 El usuario hugo esta consutando su perfil.
20240601 201702.819 6 El usuario hugo ha iniciado sesion.
20240601 201702.819 6 El usuario hugo ha entrado al menu principal.
20240601 201703.718 6 El usuario hugo esta consutando su perfil.
20240601 201704.553 6 El usuario hugo esta consutando su perfil.
20240601 201705.143 6 El usuario hugo esta consutando su perfil.
20240601 201705.146 6 El usuario hugo ha entrado a la gestion de grupos.
20240601 201740.252 6 El usuario hugo ha iniciado sesion.
20240601 201740.252 6 El usuario hugo ha entrado al menu principal.
20240601 201740.986 6 El usuario hugo esta consutando su perfil.
20240601 201741.724 6 El usuario hugo esta consutando su perfil.
20240601 201741.731 6 El usuario hugo ha entrado a la gestion de grupos.
20240601 201754.848 6 El usuario hugo esta consutando su perfil.
20240601 201755.691 6 El usuario hugo esta consutando su perfil.
20240601 201755.693 6 El usuario hugo ha entrado a la gestion de grupos.
20240601 202201.553 3 ERROR: No se encontro la clave.
20240601 202206.334 6 El usuario hugo ha iniciado sesion.
20240601 202206.335 6 El usuario hugo ha entrado al menu principal.
20240601 202208.023 6 El usuario hugo esta consutando su perfil.
20240601 202208.873 6 El usuario hugo esta consutando su perfil.
20240601 202208.876 6 El usuario hugo ha entrado a la gestion de grupos.
20240601 202214.873 6 El usuario hugo esta consutando su perfil.
20240601 202215.742 6 El usuario hugo esta consutando su perfil.
20240601 202215.745 6 El usuario hugo ha entrado a la gestion de grupos.
20240601 202218.323 6 El usuario hugo esta consutando su perfil.
20240601 202219.210 6 El usuario hugo esta consutando su perfil.
20240601 202219.212 6 El usuario hugo ha entrado a la gestion de grupos.
20240601 202347.317 6 El usuario hugo ha iniciado sesion.
20240601 202347.317 6 El usuario hugo ha entrado al menu principal.
20240601 202349.467 6 El usuario hugo esta consutando su perfil.
20240601 202352.620 6 El usuario hugo esta consutando su perfil.
20240601 202352.623 6 El usuario hugo ha entrado a la gestion de grupos.
20240601 202449.580 6 El usuario hugo ha iniciado sesion.
20240601 202449.580 6 El usuario hugo ha entrado al menu principal.
20240601 202450.179 6 El usuario hugo esta consutando su perfil.
20240601 202450.795 6 El usuario hugo esta consutando su perfil.
20240601 202450.808 6 El usuario hugo ha entrado a la gestion de grupos.
20240601 202531.289 6 El usuario hugo ha iniciado sesion.
20240601 202531.289 6 El usuario hugo ha entrado al menu principal.
20240601 202533.194 6 El usuario hugo esta consutando su perfil.
20240601 202534.011 6 El usuario hugo esta consutando su perfil.
20240601 202534.014 6 El usuario hugo ha entrado a la gestion de grupos.
20240601 202641.516 6 El usuario hugo ha iniciado sesion.
20240601 202641.517 6 El usuario hugo ha entrado al menu principal.
20240601 202643.556 6 El usuario hugo esta consutando su perfil.
20240601 202644.278 6 El usuario hugo esta consutando su perfil.
20240601 202644.281 6 El usuario hugo ha entrado a la gestion de grupos.
