20240531 164450.740 6 El usuario angel se ha registrado en Axon.
20240531 164450.752 6 El usuario angel ha entrado al menu principal.
20240531 164454.565 6 El usuario angel esta consutando su perfil.
20240531 164457.393 6 El usuario angel esta consutando su perfil.
20240531 164458.192 6 El usuario angel esta consutando su perfil.
20240531 164458.654 6 El usuario angel esta consutando su perfil.
20240531 164459.139 6 El usuario angel esta consutando su perfil.
20240531 164459.686 6 El usuario angel esta consutando su perfil.
20240531 164503.559 6 El usuario angel esta consutando su perfil.
20240531 164503.565 6 El usuario angel ha entrado al gestor de amigos.
20240531 164509.155 6 El usuario angel ha agregado un nuevo amigo.
20240531 164513.509 6 El usuario angel esta consutando su perfil.
20240531 164519.051 6 El usuario angel esta consutando su perfil.
20240531 164519.053 6 El usuario angel ha entrado al gestor de amigos.
20240531 164523.552 6 El usuario angel esta consutando su perfil.
20240531 164524.450 6 El usuario angel esta consutando su perfil.
20240531 164524.455 6 El usuario angel ha entrado a la gestion de grupos.
20240531 164525.886 6 El usuario angel ha entrado a la creacion de grupos.
20240531 164536.105 6 El usuario angel ha creado el grupo juan.
20240531 164538.307 6 El usuario angel esta consutando su perfil.
20240531 164539.276 6 El usuario angel esta consutando su perfil.
20240531 164539.278 6 El usuario angel ha entrado a la gestion de grupos.
20240531 164542.916 6 El usuario angel esta jugando en el grupo juan.
20240531 164546.355 6 El usuario angel esta jugando en el grupo juan.
20240531 164547.196 6 El usuario angel esta jugando en el grupo juan.
20240531 164548.072 6 El usuario angel esta jugando en el grupo juan.
20240531 164548.916 6 El usuario angel esta jugando en el grupo juan.
20240531 164550.822 6 El usuario angel esta consutando su perfil.
20240531 164551.670 6 El usuario angel esta consutando su perfil.
20240531 164551.671 6 El usuario angel ha entrado a la gestion de grupos.
20240531 164555.917 6 El usuario angel esta jugando.
20240531 164605.207 6 El usuario angel esta jugando.
20240531 164605.693 6 El usuario angel ha acertado la pregunta.
20240531 164606.896 6 El usuario angel esta jugando.
20240531 164607.152 6 El usuario angel ha fallado la pregunta
20240531 164607.736 6 El usuario angel esta jugando.
20240531 164608.311 6 El usuario angel ha acertado la pregunta.
20240531 164608.632 6 El usuario angel esta jugando.
20240531 164609.243 6 El usuario angel ha acertado la pregunta.
20240531 164609.943 6 El usuario angel esta jugando.
20240531 164610.487 6 El usuario angel ha fallado la pregunta
20240531 164612.464 6 El usuario angel esta consutando su perfil.
20240531 164613.760 6 El usuario angel esta consutando su perfil.
20240531 164622.410 6 El usuario angel esta consutando su perfil.
20240531 164623.137 6 El usuario angel esta consutando su perfil.
20240531 164623.626 6 El usuario angel esta consutando su perfil.
20240531 164625.879 6 El usuario angel esta consutando su perfil.
20240531 164650.850 6 El usuario angel esta consutando su perfil.
20240531 164650.855 6 El usuario angel ha cerrado sesion.
20240531 164829.562 6 El usuario angel ha iniciado sesion.
20240531 164829.562 6 El usuario angel ha entrado al menu principal.
20240531 164830.440 6 El usuario angel esta jugando.
20240531 164832.809 6 El usuario angel esta consutando su perfil.
20240531 164835.491 6 El usuario angel esta consutando su perfil.
20240531 164836.054 6 El usuario angel esta consutando su perfil.
20240531 164836.058 6 El usuario angel ha cerrado sesion.
20240531 164842.470 6 El usuario hugo ha iniciado sesion.
20240531 164842.471 6 El usuario hugo ha entrado al menu principal.
20240531 164843.422 6 El usuario hugo esta jugando.
20240531 164852.440 6 El usuario hugo esta consutando su perfil.
20240531 164853.076 6 El usuario hugo esta consutando su perfil.
20240531 164853.083 6 El usuario hugo ha cerrado sesion.
20240531 170045.324 6 El usuario hugo ha iniciado sesion.
20240531 170045.325 6 El usuario hugo ha entrado al menu principal.
20240531 170050.513 6 El usuario hugo esta consutando su perfil.
20240531 170051.201 6 El usuario hugo esta consutando su perfil.
20240531 170051.217 6 El usuario hugo ha cerrado sesion.
20240531 171434.276 6 El usuario hugo ha iniciado sesion.
20240531 171434.277 6 El usuario hugo ha entrado al menu principal.
20240531 171447.041 6 El usuario hugo esta jugando.
20240531 171450.480 6 El usuario hugo esta jugando.
20240531 171450.979 6 El usuario hugo ha acertado la pregunta.
20240531 171451.682 6 El usuario hugo esta jugando.
20240531 171452.204 6 El usuario hugo ha acertado la pregunta.
20240531 171452.917 6 El usuario hugo esta jugando.
20240531 171453.422 6 El usuario hugo ha fallado la pregunta
20240531 171453.893 6 El usuario hugo esta jugando.
20240531 171454.594 6 El usuario hugo ha fallado la pregunta
20240531 171455.071 6 El usuario hugo esta jugando.
20240531 171455.556 6 El usuario hugo ha acertado la pregunta.
20240531 171457.989 6 El usuario hugo esta consutando su perfil.
20240531 171459.590 6 El usuario hugo esta jugando.
20240531 171501.127 6 El usuario hugo esta consutando su perfil.
20240531 171501.977 6 El usuario hugo esta consutando su perfil.
20240531 171501.992 6 El usuario hugo ha cerrado sesion.
20240531 171506.273 6 El usuario angel ha iniciado sesion.
20240531 171506.274 6 El usuario angel ha entrado al menu principal.
20240531 171508.241 6 El usuario angel esta jugando.
20240531 171512.460 6 El usuario angel esta jugando.
20240531 171513.795 6 El usuario angel esta jugando.
20240531 171514.994 6 El usuario angel esta jugando.
20240531 171516.260 6 El usuario angel esta jugando.
20240531 171517.627 6 El usuario angel esta jugando.
20240531 172430.683 3 ERROR: No se encontro el usuario.
20240531 172439.916 6 El usuario Jose se ha registrado en Axon.
20240531 172439.916 6 El usuario Jose ha entrado al menu principal.
20240531 172443.655 6 El usuario Jose esta jugando.
20240531 172446.573 6 El usuario Jose esta jugando.
20240531 172447.135 6 El usuario Jose ha fallado la pregunta
20240531 172447.735 6 El usuario Jose esta jugando.
20240531 172448.253 6 El usuario Jose ha fallado la pregunta
20240531 172448.792 6 El usuario Jose esta jugando.
20240531 172449.345 6 El usuario Jose ha fallado la pregunta
20240531 172450.464 6 El usuario Jose esta jugando.
20240531 172450.937 6 El usuario Jose ha acertado la pregunta.
20240531 172451.665 6 El usuario Jose esta jugando.
20240531 172452.164 6 El usuario Jose ha fallado la pregunta
20240531 172459.655 6 El usuario Jose esta consutando su perfil.
20240531 172507.284 6 El usuario Jose esta consutando su perfil.
20240531 172512.866 6 El usuario Jose esta consutando su perfil.
20240531 172513.582 6 El usuario Jose esta consutando su perfil.
20240531 172514.261 6 El usuario Jose esta consutando su perfil.
20240531 172515.080 6 El usuario Jose esta consutando su perfil.
20240531 172516.947 6 El usuario Jose esta consutando su perfil.
20240531 172517.281 6 El usuario Jose esta consutando su perfil.
20240531 172517.602 6 El usuario Jose esta consutando su perfil.
20240531 172517.995 6 El usuario Jose esta consutando su perfil.
20240531 172518.350 6 El usuario Jose esta consutando su perfil.
20240531 172519.024 6 El usuario Jose esta consutando su perfil.
20240531 172520.363 6 El usuario Jose esta consutando su perfil.
20240531 172520.365 6 El usuario Jose ha entrado al gestor de amigos.
20240531 172525.868 6 El usuario Jose ha agregado un nuevo amigo.
20240531 172529.577 6 El usuario Jose ha agregado un nuevo amigo.
20240531 172540.615 3 ERROR: No se encontro a jk.
20240531 172608.140 6 El usuario Jose esta consutando su perfil.
20240531 172609.147 6 El usuario Jose esta consutando su perfil.
20240531 172609.149 6 El usuario Jose ha entrado al gestor de amigos.
20240531 172611.737 6 El usuario Jose esta consutando su perfil.
20240531 172612.637 6 El usuario Jose esta consutando su perfil.
20240531 172612.640 6 El usuario Jose ha entrado a la gestion de grupos.
20240531 172615.866 6 El usuario Jose ha entrado a la creacion de grupos.
20240531 172627.181 6 El usuario Jose ha creado el grupo DAM.
20240531 172629.517 6 El usuario Jose esta consutando su perfil.
20240531 172630.799 6 El usuario Jose esta consutando su perfil.
20240531 172630.803 6 El usuario Jose ha entrado a la gestion de grupos.
20240531 172633.357 6 El usuario Jose esta jugando en el grupo DAM.
20240531 172634.606 6 El usuario Jose esta jugando en el grupo DAM.
20240531 172635.035 6 El usuario Jose esta jugando en el grupo DAM.
20240531 172635.452 6 El usuario Jose esta jugando en el grupo DAM.
20240531 172635.945 6 El usuario Jose esta jugando en el grupo DAM.
20240531 172636.426 6 El usuario Jose ha acertado la pregunta en el grupo DAM.
20240531 172636.895 6 El usuario Jose esta jugando en el grupo DAM.
20240531 172637.347 6 El usuario Jose esta jugando en el grupo DAM.
20240531 172637.745 6 El usuario Jose esta jugando en el grupo DAM.
20240531 172638.185 6 El usuario Jose ha acertado la pregunta en el grupo DAM.
20240531 172638.582 6 El usuario Jose esta jugando en el grupo DAM.
20240531 172639.153 6 El usuario Jose ha acertado la pregunta en el grupo DAM.
20240531 172642.697 6 El usuario Jose esta consutando su perfil.
20240531 172644.189 6 El usuario Jose esta consutando su perfil.
20240531 172644.195 6 El usuario Jose ha entrado a la gestion de grupos.
20240531 172658.043 6 El usuario Jose esta consutando su perfil.
20240531 172659.935 6 El usuario Jose esta consutando su perfil.
20240531 172659.939 6 El usuario Jose ha cerrado sesion.
20240531 172714.403 6 El usuario hugo ha iniciado sesion.
20240531 172714.403 6 El usuario hugo ha entrado al menu principal.
20240531 172715.843 6 El usuario hugo esta consutando su perfil.
20240531 172719.164 6 El usuario hugo esta consutando su perfil.
20240531 172719.175 6 El usuario hugo ha entrado a la gestion de grupos.
20240531 172724.962 6 El usuario hugo esta jugando en el grupo juan.
20240531 172728.576 6 El usuario hugo esta consutando su perfil.
20240531 172729.580 6 El usuario hugo esta consutando su perfil.
20240531 172729.598 6 El usuario hugo ha entrado a la gestion de grupos.
20240531 172733.799 6 El usuario hugo esta jugando en el grupo juan.
20240531 172736.484 6 El usuario hugo esta consutando su perfil.
20240531 172737.625 6 El usuario hugo esta consutando su perfil.
20240531 172737.641 6 El usuario hugo ha entrado a la gestion de grupos.
20240531 172815.906 6 El usuario hugo esta jugando en el grupo DAM.
20240531 172818.877 6 El usuario hugo esta jugando en el grupo DAM.
20240531 172819.281 6 El usuario hugo esta jugando en el grupo DAM.
20240531 172819.817 6 El usuario hugo ha acertado la pregunta en el grupo DAM.
20240531 172820.298 6 El usuario hugo esta jugando en el grupo DAM.
20240531 172820.908 6 El usuario hugo ha acertado la pregunta en el grupo DAM.
20240531 172821.346 6 El usuario hugo esta jugando en el grupo DAM.
20240531 172821.849 6 El usuario hugo esta jugando en el grupo DAM.
20240531 172822.248 6 El usuario hugo esta jugando en el grupo DAM.
20240531 172822.826 6 El usuario hugo ha acertado la pregunta en el grupo DAM.
20240531 172823.999 6 El usuario hugo esta consutando su perfil.
20240531 172825.579 6 El usuario hugo esta consutando su perfil.
20240531 172825.595 6 El usuario hugo ha entrado a la gestion de grupos.
20240531 172829.987 6 El usuario hugo esta jugando en el grupo DAM.
20240531 172831.421 6 El usuario hugo esta jugando en el grupo DAM.
20240531 172831.822 6 El usuario hugo esta jugando en el grupo DAM.
20240531 172832.219 6 El usuario hugo esta jugando en el grupo DAM.
20240531 172832.763 6 El usuario hugo ha acertado la pregunta en el grupo DAM.
20240531 172833.031 6 El usuario hugo esta jugando en el grupo DAM.
20240531 172833.520 6 El usuario hugo esta jugando en el grupo DAM.
20240531 172833.998 6 El usuario hugo ha acertado la pregunta en el grupo DAM.
20240531 172834.420 6 El usuario hugo esta jugando en el grupo DAM.
20240531 172835.683 6 El usuario hugo esta consutando su perfil.
20240531 172836.918 6 El usuario hugo esta consutando su perfil.
20240531 172836.928 6 El usuario hugo ha entrado a la gestion de grupos.
20240531 172842.801 6 El usuario hugo esta consutando su perfil.
20240531 172844.951 6 El usuario hugo esta consutando su perfil.
20240531 172846.974 6 El usuario hugo esta consutando su perfil.
20240531 172848.162 6 El usuario hugo esta consutando su perfil.
20240531 172849.335 6 El usuario hugo esta consutando su perfil.
20240531 172850.003 6 El usuario hugo esta consutando su perfil.
20240531 172850.388 6 El usuario hugo esta consutando su perfil.
20240531 172850.992 6 El usuario hugo esta consutando su perfil.
20240531 172852.729 6 El usuario hugo esta consutando su perfil.
20240531 172853.438 6 El usuario hugo esta consutando su perfil.
20240531 172853.455 6 El usuario hugo ha cerrado sesion.
20240531 172859.073 6 El usuario admin ha iniciado sesion.
20240531 172859.074 6 El usuario admin ha entrado al gestor de preguntas.
20240531 172908.228 3 ERROR: No se pudo crear la pregunta.
20240531 172917.592 6 El usuario admin esta consutando su perfil.
20240531 172918.611 6 El usuario admin esta consutando su perfil.
20240531 172918.613 6 El usuario admin ha entrado a la gestion de grupos.
20240531 172920.183 6 El usuario admin ha entrado a la creacion de grupos.
20240531 172922.608 6 El usuario admin esta consutando su perfil.
20240531 172923.460 6 El usuario admin esta consutando su perfil.
20240531 172923.470 6 El usuario admin ha entrado a la gestion de grupos.
20240531 172926.252 6 El usuario admin esta consutando su perfil.
20240531 172928.302 6 El usuario admin esta consutando su perfil.
20240531 172928.305 6 El usuario admin ha cerrado sesion.
20240531 172933.831 6 El usuario hugo ha iniciado sesion.
20240531 172933.832 6 El usuario hugo ha entrado al menu principal.
20240531 172935.109 6 El usuario hugo esta consutando su perfil.
20240531 172936.169 6 El usuario hugo esta consutando su perfil.
20240531 172936.194 6 El usuario hugo ha entrado a la gestion de grupos.
20240531 172940.159 6 El usuario hugo esta jugando en el grupo asddddddd.
20240531 172943.873 6 El usuario hugo esta jugando en el grupo fffff.
20240531 172946.840 6 El usuario hugo esta jugando en el grupo asdasdffxzczxczxcxz.
20240531 174621.285 6 El usuario hugo ha iniciado sesion.
20240531 174621.286 6 El usuario hugo ha entrado al menu principal.
20240531 175832.863 6 El usuario admin ha iniciado sesion.
20240531 175832.863 6 El usuario admin ha entrado al gestor de preguntas.
20240531 175929.814 3 ERROR: No se pudo crear la pregunta.
20240531 180113.489 3 ERROR: No se pudo crear la pregunta.
20240531 180132.775 6 El usuario admin ha creado una nueva pregunta.
20240531 180230.015 6 El usuario admin esta consutando su perfil.
20240531 180426.567 6 El usuario admin ha iniciado sesion.
20240531 180426.567 6 El usuario admin ha entrado al gestor de preguntas.
20240531 180443.486 6 El usuario admin ha creado una nueva pregunta.
20240531 180752.864 6 El usuario admin esta consutando su perfil.
20240531 180753.475 6 El usuario admin esta consutando su perfil.
20240531 180753.477 6 El usuario admin ha cerrado sesion.
20240531 180803.909 3 ERROR: El usuario ya existe.
20240531 181828.344 3 ERROR: No se encontro la clave.
20240531 181846.388 6 El usuario admin ha iniciado sesion.
20240531 181846.389 6 El usuario admin ha entrado al gestor de preguntas.
20240531 181931.507 6 El usuario admin esta consutando su perfil.
20240531 181932.188 6 El usuario admin esta consutando su perfil.
20240531 181932.191 6 El usuario admin ha cerrado sesion.
20240531 181947.270 6 El usuario admin ha iniciado sesion.
20240531 181947.272 6 El usuario admin ha entrado al gestor de preguntas.
20240531 182014.939 6 El usuario admin esta consutando su perfil.
20240531 182015.733 6 El usuario admin esta consutando su perfil.
20240531 182015.737 6 El usuario admin ha cerrado sesion.
20240531 182021.767 6 El usuario hugo ha iniciado sesion.
20240531 182021.768 6 El usuario hugo ha entrado al menu principal.
20240531 182035.608 6 El usuario hugo esta consutando su perfil.
20240531 182043.473 6 El usuario hugo esta consutando su perfil.
20240531 182045.650 6 El usuario hugo esta consutando su perfil.
20240531 182059.414 6 El usuario hugo esta consutando su perfil.
20240531 182100.385 6 El usuario hugo esta consutando su perfil.
20240531 182100.883 6 El usuario hugo esta consutando su perfil.
20240531 182101.671 6 El usuario hugo esta consutando su perfil.
20240531 182107.143 6 El usuario hugo esta jugando.
20240531 182116.666 6 El usuario hugo esta jugando.
20240531 182116.908 6 El usuario hugo ha fallado la pregunta
20240531 182118.738 6 El usuario hugo esta jugando.
20240531 182119.272 6 El usuario hugo ha fallado la pregunta
20240531 182121.663 6 El usuario hugo esta jugando.
20240531 182122.175 6 El usuario hugo ha fallado la pregunta
20240531 182124.001 6 El usuario hugo esta jugando.
20240531 182124.567 6 El usuario hugo ha fallado la pregunta
20240531 182126.609 6 El usuario hugo esta jugando.
20240531 182127.109 6 El usuario hugo ha acertado la pregunta.
20240531 182135.648 6 El usuario hugo esta consutando su perfil.
20240531 182138.247 6 El usuario hugo esta consutando su perfil.
20240531 182350.085 6 El usuario hugo esta consutando su perfil.
20240531 182450.458 6 El usuario hugo esta consutando su perfil.
20240531 182457.649 6 El usuario hugo esta consutando su perfil.
20240531 182459.200 6 El usuario hugo esta consutando su perfil.
20240531 182500.099 6 El usuario hugo esta consutando su perfil.
20240531 182602.908 6 El usuario hugo esta consutando su perfil.
20240531 182602.922 6 El usuario hugo ha entrado al gestor de amigos.
20240531 182717.957 6 El usuario hugo ha agregado un nuevo amigo.
20240531 182721.488 6 El usuario hugo esta consutando su perfil.
20240531 182722.536 6 El usuario hugo esta consutando su perfil.
20240531 182722.555 6 El usuario hugo ha entrado al gestor de amigos.
20240531 182909.439 6 El usuario test se ha registrado en Axon.
20240531 182909.440 6 El usuario test ha entrado al menu principal.
20240531 182911.409 6 El usuario test esta consutando su perfil.
20240531 182912.276 6 El usuario test esta consutando su perfil.
20240531 182912.277 6 El usuario test ha cerrado sesion.
20240531 182917.466 6 El usuario hugo ha iniciado sesion.
20240531 182917.466 6 El usuario hugo ha entrado al menu principal.
20240531 182918.668 6 El usuario hugo esta consutando su perfil.
20240531 182921.739 6 El usuario hugo esta consutando su perfil.
20240531 182921.749 6 El usuario hugo ha entrado al gestor de amigos.
20240531 182925.185 6 El usuario hugo ha agregado un nuevo amigo.
20240531 183031.862 6 El usuario hugo esta consutando su perfil.
20240531 183032.976 6 El usuario hugo esta consutando su perfil.
20240531 183033.577 6 El usuario hugo esta consutando su perfil.
20240531 183034.116 6 El usuario hugo esta consutando su perfil.
20240531 183034.626 6 El usuario hugo esta consutando su perfil.
20240531 183035.166 6 El usuario hugo esta consutando su perfil.
20240531 183040.951 6 El usuario hugo esta consutando su perfil.
20240531 183040.965 6 El usuario hugo ha entrado al gestor de amigos.
20240531 183047.019 6 El usuario hugo esta consutando su perfil.
20240531 183048.387 6 El usuario hugo esta consutando su perfil.
20240531 183048.403 6 El usuario hugo ha cerrado sesion.
20240531 183055.520 3 ERROR: No se encontro el usuario.
20240531 183104.486 6 El usuario test2 se ha registrado en Axon.
20240531 183104.487 6 El usuario test2 ha entrado al menu principal.
20240531 183105.696 6 El usuario test2 esta consutando su perfil.
20240531 183106.398 6 El usuario test2 esta consutando su perfil.
20240531 183106.401 6 El usuario test2 ha cerrado sesion.
20240531 183110.851 6 El usuario hugo ha iniciado sesion.
20240531 183110.851 6 El usuario hugo ha entrado al menu principal.
20240531 183112.226 6 El usuario hugo esta consutando su perfil.
20240531 183113.323 6 El usuario hugo esta consutando su perfil.
20240531 183113.333 6 El usuario hugo ha entrado al gestor de amigos.
20240531 183119.388 6 El usuario hugo ha agregado un nuevo amigo.
20240531 183125.608 3 ERROR: No se encontro a test2.
20240531 183215.606 6 El usuario test3 se ha registrado en Axon.
20240531 183215.607 6 El usuario test3 ha entrado al menu principal.
20240531 183217.287 6 El usuario test3 esta consutando su perfil.
20240531 183218.001 6 El usuario test3 esta consutando su perfil.
20240531 183218.003 6 El usuario test3 ha cerrado sesion.
20240531 183222.305 6 El usuario hugo ha iniciado sesion.
20240531 183222.306 6 El usuario hugo ha entrado al menu principal.
20240531 183225.754 6 El usuario hugo esta consutando su perfil.
20240531 183226.703 6 El usuario hugo esta consutando su perfil.
20240531 183226.715 6 El usuario hugo ha entrado al gestor de amigos.
20240531 183231.073 6 El usuario hugo ha agregado un nuevo amigo.
20240531 183246.879 6 El usuario hugo esta consutando su perfil.
20240531 183254.605 6 El usuario hugo esta consutando su perfil.
20240531 183254.622 6 El usuario hugo ha entrado a la gestion de grupos.
20240531 183548.655 6 El usuario hugo ha iniciado sesion.
20240531 183548.655 6 El usuario hugo ha entrado al menu principal.
20240531 183550.928 6 El usuario hugo esta consutando su perfil.
20240531 183551.825 6 El usuario hugo esta consutando su perfil.
20240531 183551.835 6 El usuario hugo ha entrado a la gestion de grupos.
20240531 183721.374 6 El usuario hugo esta jugando.
20240531 183735.944 6 El usuario hugo esta consutando su perfil.
20240531 183737.330 6 El usuario hugo esta consutando su perfil.
20240531 183744.303 6 El usuario hugo esta consutando su perfil.
20240531 183800.081 6 El usuario hugo esta consutando su perfil.
20240531 183802.603 6 El usuario hugo esta consutando su perfil.
20240531 183803.095 6 El usuario hugo esta consutando su perfil.
20240531 183803.549 6 El usuario hugo esta consutando su perfil.
20240531 183807.946 6 El usuario hugo esta consutando su perfil.
20240531 183923.014 6 El usuario hugo esta consutando su perfil.
20240531 183923.021 6 El usuario hugo ha entrado a la gestion de grupos.
20240531 183923.755 6 El usuario hugo ha entrado a la creacion de grupos.
20240531 184809.211 6 El usuario hugo ha creado el grupo DAM tarde.
20240531 184900.499 6 El usuario hugo esta consutando su perfil.
20240531 184901.412 6 El usuario hugo esta consutando su perfil.
20240531 184901.428 6 El usuario hugo ha entrado a la gestion de grupos.
20240531 184909.838 6 El usuario hugo ha entrado a la creacion de grupos.
20240531 184911.747 6 El usuario hugo esta consutando su perfil.
20240531 184912.958 6 El usuario hugo esta consutando su perfil.
20240531 184912.976 6 El usuario hugo ha entrado a la gestion de grupos.
20240531 184915.040 6 El usuario hugo ha entrado a la creacion de grupos.
20240531 184918.510 6 El usuario hugo esta consutando su perfil.
20240531 184919.622 6 El usuario hugo esta consutando su perfil.
20240531 184919.635 6 El usuario hugo ha entrado a la gestion de grupos.
20240531 184928.461 6 El usuario hugo ha entrado a la creacion de grupos.
20240531 185022.900 6 El usuario hugo esta consutando su perfil.
20240531 185023.898 6 El usuario hugo esta consutando su perfil.
20240531 185023.913 6 El usuario hugo ha entrado al gestor de amigos.
20240531 185149.163 6 El usuario hugo esta consutando su perfil.
20240531 185206.579 6 El usuario hugo esta consutando su perfil.
20240531 185341.413 6 El usuario hugo esta consutando su perfil.
20240531 185344.021 6 El usuario hugo esta consutando su perfil.
20240531 185344.033 6 El usuario hugo ha entrado al gestor de amigos.
20240531 185348.156 6 El usuario hugo ha agregado un nuevo amigo.
20240531 185357.100 3 ERROR: No se encontro a asdasdasdfasdf.
20240531 185408.568 6 El usuario hugo esta jugando.
20240531 185416.589 6 El usuario hugo esta jugando.
20240531 185418.034 6 El usuario hugo esta jugando.
20240531 185418.458 6 El usuario hugo ha fallado la pregunta
20240531 185420.698 6 El usuario hugo esta jugando.
20240531 185421.225 6 El usuario hugo ha fallado la pregunta
20240531 185422.407 6 El usuario hugo esta jugando.
20240531 185422.776 6 El usuario hugo ha fallado la pregunta
20240531 192104.401 6 El usuario hugo ha iniciado sesion.
20240531 192104.401 6 El usuario hugo ha entrado al menu principal.
20240531 192107.943 6 El usuario hugo esta consutando su perfil.
20240531 192108.780 6 El usuario hugo esta consutando su perfil.
20240531 192108.794 6 El usuario hugo ha entrado a la gestion de grupos.
20240531 192727.624 6 El usuario hugo ha iniciado sesion.
20240531 192727.624 6 El usuario hugo ha entrado al menu principal.
20240531 192729.738 6 El usuario hugo esta consutando su perfil.
20240531 192730.844 6 El usuario hugo esta consutando su perfil.
20240531 192730.868 6 El usuario hugo ha entrado a la gestion de grupos.
20240531 193101.538 6 El usuario hugo esta consutando su perfil.
20240531 193136.173 6 El usuario hugo ha iniciado sesion.
20240531 193136.174 6 El usuario hugo ha entrado al menu principal.
20240531 193137.267 6 El usuario hugo esta consutando su perfil.
20240531 193138.051 6 El usuario hugo esta consutando su perfil.
20240531 193138.061 6 El usuario hugo ha entrado a la gestion de grupos.
20240531 193835.101 6 El usuario hugo ha iniciado sesion.
20240531 193835.101 6 El usuario hugo ha entrado al menu principal.
20240531 193836.287 6 El usuario hugo esta consutando su perfil.
20240531 193837.274 6 El usuario hugo esta consutando su perfil.
20240531 193837.287 6 El usuario hugo ha entrado a la gestion de grupos.
20240531 194240.976 6 El usuario hugo ha iniciado sesion.
20240531 194240.977 6 El usuario hugo ha entrado al menu principal.
20240531 194243.548 6 El usuario hugo esta consutando su perfil.
20240531 194249.665 6 El usuario hugo esta consutando su perfil.
20240531 194249.677 6 El usuario hugo ha entrado a la gestion de grupos.
20240531 194254.238 6 El usuario hugo esta consutando su perfil.
20240531 194255.061 6 El usuario hugo esta consutando su perfil.
20240531 194255.081 6 El usuario hugo ha cerrado sesion.
20240531 194326.910 6 El usuario moha se ha registrado en Axon.
20240531 194326.911 6 El usuario moha ha entrado al menu principal.
20240531 194412.535 6 El usuario moha esta jugando.
20240531 194423.615 6 El usuario moha esta jugando.
20240531 194424.027 6 El usuario moha ha fallado la pregunta
20240531 194432.801 6 El usuario moha esta jugando.
20240531 194433.186 6 El usuario moha ha acertado la pregunta.
20240531 194437.600 6 El usuario moha esta jugando.
20240531 194438.103 6 El usuario moha ha acertado la pregunta.
20240531 194445.860 6 El usuario moha esta jugando.
20240531 194446.310 6 El usuario moha ha acertado la pregunta.
20240531 194453.631 6 El usuario moha esta jugando.
20240531 194454.070 6 El usuario moha ha fallado la pregunta
20240531 194455.650 6 El usuario moha esta consutando su perfil.
20240531 194458.582 6 El usuario moha esta consutando su perfil.
20240531 194508.680 6 El usuario moha esta consutando su perfil.
20240531 194509.691 6 El usuario moha esta consutando su perfil.
20240531 194510.366 6 El usuario moha esta consutando su perfil.
20240531 194513.191 6 El usuario moha esta consutando su perfil.
20240531 194513.194 6 El usuario moha ha entrado al gestor de amigos.
20240531 194518.506 6 El usuario moha ha agregado un nuevo amigo.
20240531 194552.248 6 El usuario moha ha agregado un nuevo amigo.
20240531 194556.684 3 ERROR: No se encontro a federazfczsf.
20240531 194650.666 6 El usuario moha esta consutando su perfil.
20240531 194651.933 6 El usuario moha esta consutando su perfil.
20240531 194651.941 6 El usuario moha ha entrado a la gestion de grupos.
20240531 194656.815 6 El usuario moha ha entrado a la creacion de grupos.
20240531 194714.039 6 El usuario moha ha creado el grupo cer.
20240531 194720.198 6 El usuario moha esta consutando su perfil.
20240531 194721.083 6 El usuario moha esta consutando su perfil.
20240531 194721.087 6 El usuario moha ha entrado a la gestion de grupos.
20240531 194732.640 6 El usuario moha esta consutando su perfil.
20240531 194740.331 6 El usuario moha esta consutando su perfil.
20240531 194740.334 6 El usuario moha ha entrado a la gestion de grupos.
20240531 194753.450 6 El usuario moha esta jugando en el grupo cer.
20240531 194757.254 6 El usuario moha esta jugando en el grupo cer.
20240531 194757.791 6 El usuario moha ha acertado la pregunta en el grupo cer.
20240531 194759.020 6 El usuario moha esta jugando en el grupo cer.
20240531 194759.451 6 El usuario moha esta jugando en el grupo cer.
20240531 194759.952 6 El usuario moha esta jugando en el grupo cer.
20240531 194800.490 6 El usuario moha esta jugando en el grupo cer.
20240531 194800.937 6 El usuario moha esta jugando en el grupo cer.
20240531 194801.582 6 El usuario moha ha acertado la pregunta en el grupo cer.
20240531 194802.023 6 El usuario moha esta jugando en el grupo cer.
20240531 194802.538 6 El usuario moha esta jugando en el grupo cer.
20240531 194802.894 6 El usuario moha ha acertado la pregunta en el grupo cer.
20240531 194805.193 6 El usuario moha esta consutando su perfil.
20240531 194810.018 6 El usuario moha esta consutando su perfil.
20240531 194810.021 6 El usuario moha ha cerrado sesion.
20240531 194816.000 6 El usuario admin ha iniciado sesion.
20240531 194816.001 6 El usuario admin ha entrado al gestor de preguntas.
20240531 194922.186 6 El usuario admin esta consutando su perfil.
20240531 194933.907 6 El usuario admin esta consutando su perfil.
20240531 194935.676 6 El usuario admin esta consutando su perfil.
20240531 194935.678 6 El usuario admin ha entrado al gestor de amigos.
20240531 194940.921 3 ERROR: No se encontro a zseg zstynxedr6je.
20240531 194946.396 6 El usuario admin esta jugando.
20240531 194947.743 6 El usuario admin esta jugando.
20240531 194948.246 6 El usuario admin ha fallado la pregunta
20240531 194949.810 6 El usuario admin esta jugando.
20240531 194950.181 6 El usuario admin ha fallado la pregunta
20240531 194951.973 6 El usuario admin esta jugando.
20240531 194952.231 6 El usuario admin ha fallado la pregunta
20240531 194952.975 6 El usuario admin esta jugando.
20240531 194953.331 6 El usuario admin ha acertado la pregunta.
