20240604 104931.853 6 El usuario admin ha iniciado sesion.
20240604 104931.874 6 El usuario admin ha entrado al gestor de preguntas.
20240604 104946.510 6 El admin esta consutando el perfil de Hugo.
20240604 105343.697 6 El administrador ha cerrado sesion.
20240604 105348.852 6 El usuario hugo ha iniciado sesion.
20240604 105348.853 6 El usuario hugo ha entrado al menu principal.
20240604 105351.293 6 El usuario hugo esta consutando su perfil.
20240604 110113.082 6 El usuario hugo ha iniciado sesion.
20240604 110113.085 6 El usuario hugo ha entrado al menu principal.
20240604 110457.894 6 El usuario hugo esta consutando su perfil.
20240604 110458.841 6 El usuario hugo esta consutando su perfil.
20240604 110458.859 6 El usuario hugo ha cerrado sesion.
20240604 110503.558 6 El usuario admin ha iniciado sesion.
20240604 110503.559 6 El usuario admin ha entrado al gestor de preguntas.
20240604 110704.264 6 El usuario admin ha iniciado sesion.
20240604 110704.269 6 El usuario admin ha entrado al gestor de preguntas.
20240604 110714.746 6 El admin esta consutando el perfil de Hugo.
20240604 110923.724 6 El usuario admin ha iniciado sesion.
20240604 110923.727 6 El usuario admin ha entrado al gestor de preguntas.
20240604 111156.733 6 El usuario admin ha iniciado sesion.
20240604 111156.736 6 El usuario admin ha entrado al gestor de preguntas.
20240604 111917.606 6 El usuario admin ha iniciado sesion.
20240604 111917.608 6 El usuario admin ha entrado al gestor de preguntas.
20240604 111927.181 6 El admin esta consutando el perfil de Hugo.
20240604 111939.936 6 El administrador ha cerrado sesion.
20240604 111945.423 6 El usuario hugo ha iniciado sesion.
20240604 111945.425 6 El usuario hugo ha entrado al menu principal.
20240604 112147.103 3 ERROR: No se encontro la clave.
20240604 112153.121 6 El usuario hugo ha iniciado sesion.
20240604 112153.122 6 El usuario hugo ha entrado al menu principal.
20240604 112206.394 6 El usuario hugo esta consutando su perfil.
20240604 112311.868 6 El usuario hugo esta consutando su perfil.
20240604 112315.523 6 El usuario hugo esta consutando su perfil.
20240604 112315.549 6 El usuario hugo ha entrado al gestor de amigos.
20240604 112322.291 6 El usuario hugo esta consutando su perfil.
20240604 112324.232 6 El usuario hugo esta consutando su perfil.
20240604 112324.253 6 El usuario hugo ha entrado a la gestion de grupos.
20240604 112327.023 6 El usuario hugo ha entrado a la creacion de grupos.
20240604 113957.170 6 El usuario hugo ha iniciado sesion.
20240604 113957.176 6 El usuario hugo ha entrado al menu principal.
20240604 113959.483 6 El usuario hugo esta consutando su perfil.
20240604 114001.487 6 El usuario hugo esta consutando su perfil.
20240604 114001.515 6 El usuario hugo ha entrado al gestor de amigos.
20240604 114016.999 6 El usuario hugo esta consutando su perfil.
20240604 114018.506 6 El usuario hugo esta consutando su perfil.
20240604 114018.544 6 El usuario hugo ha entrado a la gestion de grupos.
20240604 114020.581 6 El usuario hugo ha entrado a la creacion de grupos.
20240604 114032.022 6 El usuario hugo esta consutando su perfil.
20240604 114144.077 6 El usuario hugo esta consutando su perfil.
20240604 114559.195 6 El usuario hugo ha iniciado sesion.
20240604 114559.196 6 El usuario hugo ha entrado al menu principal.
20240604 114603.473 6 El usuario hugo esta consutando su perfil.
20240604 114709.224 6 El usuario hugo esta consutando su perfil.
20240604 114711.958 6 El usuario hugo esta consutando su perfil.
20240604 114714.253 6 El usuario hugo esta consutando su perfil.
20240604 114714.951 6 El usuario hugo esta consutando su perfil.
20240604 114715.686 6 El usuario hugo esta consutando su perfil.
20240604 114716.278 6 El usuario hugo esta consutando su perfil.
20240604 114816.489 6 El usuario hugo esta consutando su perfil.
20240604 114817.140 6 El usuario hugo esta consutando su perfil.
20240604 114819.320 6 El usuario hugo esta consutando su perfil.
20240604 114819.383 6 El usuario hugo ha entrado a la gestion de grupos.
20240604 114826.123 6 El usuario hugo ha entrado a la creacion de grupos.
20240604 114844.249 6 El usuario hugo ha creado el grupo .
20240604 114847.972 6 El usuario hugo esta consutando su perfil.
20240604 114851.117 6 El usuario hugo esta consutando su perfil.
20240604 114851.149 6 El usuario hugo ha entrado a la gestion de grupos.
20240604 114900.739 3 ERROR: No existe el grupo.
20240604 115004.663 6 El usuario hugo ha iniciado sesion.
20240604 115004.664 6 El usuario hugo ha entrado al menu principal.
20240604 115006.725 6 El usuario hugo esta consutando su perfil.
20240604 115007.980 6 El usuario hugo esta consutando su perfil.
20240604 115008.021 6 El usuario hugo ha entrado a la gestion de grupos.
20240604 115010.581 3 ERROR: No existe el grupo.
20240604 115240.568 6 El usuario hugo ha iniciado sesion.
20240604 115240.569 6 El usuario hugo ha entrado al menu principal.
20240604 115241.679 6 El usuario hugo esta consutando su perfil.
20240604 115242.806 6 El usuario hugo esta consutando su perfil.
20240604 115242.825 6 El usuario hugo ha entrado a la gestion de grupos.
20240604 115245.291 6 El usuario hugo esta consutando su perfil.
20240604 115247.799 6 El usuario hugo esta consutando su perfil.
20240604 115247.824 6 El usuario hugo ha entrado a la gestion de grupos.
20240604 115252.098 3 ERROR: No existe el grupo.
20240604 115353.193 6 El usuario hugo ha iniciado sesion.
20240604 115353.194 6 El usuario hugo ha entrado al menu principal.
20240604 115354.296 6 El usuario hugo esta consutando su perfil.
20240604 115356.955 6 El usuario hugo esta consutando su perfil.
20240604 115356.991 6 El usuario hugo ha entrado a la gestion de grupos.
20240604 115359.766 3 ERROR: No existe el grupo.
20240604 115729.553 6 El usuario hugo ha iniciado sesion.
20240604 115729.554 6 El usuario hugo ha entrado al menu principal.
20240604 115730.776 6 El usuario hugo esta consutando su perfil.
20240604 115731.690 6 El usuario hugo esta consutando su perfil.
20240604 115731.706 6 El usuario hugo ha entrado a la gestion de grupos.
20240604 115732.895 3 ERROR: No existe el grupo.
20240604 115802.697 6 El usuario hugo ha iniciado sesion.
20240604 115802.698 6 El usuario hugo ha entrado al menu principal.
20240604 115803.794 6 El usuario hugo esta consutando su perfil.
20240604 115804.693 6 El usuario hugo esta consutando su perfil.
20240604 115804.705 6 El usuario hugo ha entrado a la gestion de grupos.
20240604 115812.649 6 El usuario hugo esta consutando su perfil.
20240604 115814.078 6 El usuario hugo esta consutando su perfil.
20240604 115814.093 6 El usuario hugo ha cerrado sesion.
20240604 115819.191 6 El usuario admin ha iniciado sesion.
20240604 115819.194 6 El usuario admin ha entrado al gestor de preguntas.
20240604 115826.299 6 El administrador ha cerrado sesion.
20240604 115829.580 6 El usuario hugo ha iniciado sesion.
20240604 115829.580 6 El usuario hugo ha entrado al menu principal.
20240604 115830.473 6 El usuario hugo esta consutando su perfil.
20240604 115833.781 6 El usuario hugo esta consutando su perfil.
20240604 115833.799 6 El usuario hugo ha entrado al gestor de amigos.
20240604 115835.466 6 El usuario hugo esta consutando su perfil.
20240604 115836.554 6 El usuario hugo esta consutando su perfil.
20240604 115836.606 6 El usuario hugo ha entrado a la gestion de grupos.
20240604 115840.605 6 El usuario hugo esta consutando su perfil.
20240604 115841.817 6 El usuario hugo esta consutando su perfil.
20240604 115841.849 6 El usuario hugo ha entrado a la gestion de grupos.
20240604 115847.882 6 El usuario hugo esta consutando su perfil.
20240604 115900.637 6 El usuario hugo esta consutando su perfil.
20240604 115900.656 6 El usuario hugo ha entrado a la gestion de grupos.
20240604 115905.257 6 El usuario hugo ha entrado a la creacion de grupos.
20240604 115909.090 6 El usuario hugo esta consutando su perfil.
20240604 115912.188 6 El usuario hugo esta consutando su perfil.
20240604 115912.199 6 El usuario hugo ha entrado a la gestion de grupos.
20240604 120216.946 6 El usuario hugo ha iniciado sesion.
20240604 120216.948 6 El usuario hugo ha entrado al menu principal.
20240604 120218.694 6 El usuario hugo esta consutando su perfil.
20240604 120219.641 6 El usuario hugo esta consutando su perfil.
20240604 120219.657 6 El usuario hugo ha entrado a la gestion de grupos.
20240604 120223.510 6 El usuario hugo esta consutando su perfil.
20240604 120224.380 6 El usuario hugo esta consutando su perfil.
20240604 120224.400 6 El usuario hugo ha entrado a la gestion de grupos.
20240604 120227.867 6 El usuario hugo esta consutando su perfil.
20240604 120237.047 6 El usuario hugo esta consutando su perfil.
20240604 120239.281 6 El usuario hugo esta consutando su perfil.
20240604 120239.770 6 El usuario hugo esta consutando su perfil.
20240604 120240.519 6 El usuario hugo esta consutando su perfil.
20240604 120258.928 6 El usuario hugo esta consutando su perfil.
20240604 120259.552 6 El usuario hugo esta consutando su perfil.
20240604 120259.582 6 El usuario hugo ha cerrado sesion.
20240604 120303.545 6 El usuario admin ha iniciado sesion.
20240604 120303.546 6 El usuario admin ha entrado al gestor de preguntas.
20240604 120957.308 6 El usuario admin ha iniciado sesion.
20240604 120957.309 6 El usuario admin ha entrado al gestor de preguntas.
20240604 121258.589 6 El usuario hugo ha iniciado sesion.
20240604 121258.590 6 El usuario hugo ha entrado al menu principal.
20240604 121301.218 6 El usuario hugo esta consutando su perfil.
20240604 121302.121 6 El usuario hugo esta consutando su perfil.
20240604 121302.136 6 El usuario hugo ha cerrado sesion.
20240604 121305.796 6 El usuario admin ha iniciado sesion.
20240604 121305.797 6 El usuario admin ha entrado al gestor de preguntas.
20240604 121443.678 6 El usuario admin ha iniciado sesion.
20240604 121443.685 6 El usuario admin ha entrado al gestor de preguntas.
20240604 121529.973 6 El usuario admin ha iniciado sesion.
20240604 121529.977 6 El usuario admin ha entrado al gestor de preguntas.
20240604 121800.901 6 El usuario admin ha iniciado sesion.
20240604 121800.903 6 El usuario admin ha entrado al gestor de preguntas.
20240604 121843.320 6 El usuario admin ha iniciado sesion.
20240604 121843.325 6 El usuario admin ha entrado al gestor de preguntas.
20240604 122308.771 6 El usuario admin ha iniciado sesion.
20240604 122308.773 6 El usuario admin ha entrado al gestor de preguntas.
20240604 123257.627 6 El administrador ha cerrado sesion.
20240604 123303.887 6 El usuario hugo ha iniciado sesion.
20240604 123303.890 6 El usuario hugo ha entrado al menu principal.
20240604 123305.028 6 El usuario hugo esta jugando.
20240604 123309.107 6 El usuario hugo esta consutando su perfil.
20240604 123548.819 6 El usuario hugo esta consutando su perfil.
20240604 123609.067 6 El usuario hugo esta consutando su perfil.
20240604 123609.096 6 El usuario hugo ha entrado a la gestion de grupos.
20240604 123618.240 6 El usuario hugo esta consutando su perfil.
20240604 123619.430 6 El usuario hugo esta consutando su perfil.
20240604 123619.453 6 El usuario hugo ha entrado a la gestion de grupos.
20240604 123622.749 6 El usuario hugo esta consutando su perfil.
20240604 123623.680 6 El usuario hugo esta consutando su perfil.
20240604 123623.701 6 El usuario hugo ha entrado a la gestion de grupos.
20240604 123627.638 6 El usuario hugo ha entrado a la creacion de grupos.
20240604 123633.794 3 ERROR: No se pudo crear el grupo.
20240604 131205.786 6 El usuario hugo ha iniciado sesion.
20240604 131205.788 6 El usuario hugo ha entrado al menu principal.
20240604 131207.573 6 El usuario hugo esta consutando su perfil.
20240604 131236.065 6 El usuario hugo esta consutando su perfil.
20240604 131236.083 6 El usuario hugo ha entrado al gestor de amigos.
20240604 131242.182 6 El usuario hugo ha agregado un nuevo amigo.
20240604 131245.122 6 El usuario hugo esta consutando su perfil.
20240604 131248.083 6 El usuario hugo esta consutando su perfil.
20240604 131248.112 6 El usuario hugo ha entrado a la gestion de grupos.
20240604 131253.694 6 El usuario hugo esta consutando su perfil.
20240604 131255.438 6 El usuario hugo esta consutando su perfil.
20240604 131256.452 6 El usuario hugo esta consutando su perfil.
