20240603 103053.990 6 El usuario hugo ha iniciado sesion.
20240603 103054.003 6 El usuario hugo ha entrado al menu principal.
20240603 103056.969 6 El usuario hugo esta consutando su perfil.
20240603 103232.624 6 El usuario hugo ha iniciado sesion.
20240603 103232.625 6 El usuario hugo ha entrado al menu principal.
20240603 103234.049 6 El usuario hugo esta consutando su perfil.
20240603 103315.206 6 El usuario hugo esta consutando su perfil.
20240603 103315.269 6 El usuario hugo ha entrado a la gestion de grupos.
20240603 103328.032 6 El usuario hugo esta consutando su perfil.
20240603 103336.478 6 El usuario hugo esta consutando su perfil.
20240603 103336.522 6 El usuario hugo ha entrado al gestor de amigos.
20240603 103530.193 6 El usuario hugo ha iniciado sesion.
20240603 103530.195 6 El usuario hugo ha entrado al menu principal.
20240603 103531.829 6 El usuario hugo esta consutando su perfil.
20240603 103536.896 6 El usuario hugo esta consutando su perfil.
20240603 103536.952 6 El usuario hugo ha entrado al gestor de amigos.
20240603 103701.770 6 El usuario hugo ha agregado un nuevo amigo.
20240603 103713.245 6 El usuario hugo ha iniciado sesion.
20240603 103713.245 6 El usuario hugo ha entrado al menu principal.
20240603 103714.952 6 El usuario hugo esta consutando su perfil.
20240603 103715.835 6 El usuario hugo esta consutando su perfil.
20240603 103715.899 6 El usuario hugo ha entrado al gestor de amigos.
20240603 103729.503 6 El usuario hugo esta consutando su perfil.
20240603 103730.994 6 El usuario hugo esta consutando su perfil.
20240603 103731.047 6 El usuario hugo ha entrado al gestor de amigos.
20240603 103814.842 6 El usuario hugo esta consutando su perfil.
20240603 103817.637 6 El usuario hugo esta consutando su perfil.
20240603 103817.705 6 El usuario hugo ha entrado a la gestion de grupos.
20240603 103914.794 6 El usuario hugo esta consutando su perfil.
20240603 103915.823 6 El usuario hugo esta consutando su perfil.
20240603 103915.884 6 El usuario hugo ha entrado a la gestion de grupos.
20240603 104034.347 6 El usuario hugo ha iniciado sesion.
20240603 104034.349 6 El usuario hugo ha entrado al menu principal.
20240603 104036.388 6 El usuario hugo esta consutando su perfil.
20240603 104037.983 6 El usuario hugo esta consutando su perfil.
20240603 104038.048 6 El usuario hugo ha entrado a la gestion de grupos.
20240603 104040.196 6 El usuario hugo esta consutando su perfil.
20240603 104049.323 6 El usuario hugo esta consutando su perfil.
20240603 104050.180 6 El usuario hugo esta consutando su perfil.
20240603 104050.654 6 El usuario hugo esta consutando su perfil.
20240603 104051.432 6 El usuario hugo esta consutando su perfil.
20240603 104108.696 6 El usuario hugo esta consutando su perfil.
20240603 104156.527 6 El usuario hugo esta consutando su perfil.
20240603 104156.557 6 El usuario hugo ha entrado a la gestion de grupos.
20240603 104157.427 6 El usuario hugo ha entrado a la creacion de grupos.
20240603 104247.758 3 ERROR: No se encontro la clave.
20240603 104252.299 6 El usuario hugo ha iniciado sesion.
20240603 104252.300 6 El usuario hugo ha entrado al menu principal.
20240603 104253.266 6 El usuario hugo esta consutando su perfil.
20240603 104254.204 6 El usuario hugo esta consutando su perfil.
20240603 104254.269 6 El usuario hugo ha entrado a la gestion de grupos.
20240603 104255.427 6 El usuario hugo ha entrado a la creacion de grupos.
20240603 104257.821 6 El usuario hugo esta consutando su perfil.
20240603 104305.544 6 El usuario hugo esta consutando su perfil.
20240603 104310.643 6 El usuario hugo esta consutando su perfil.
20240603 104310.673 6 El usuario hugo ha entrado al gestor de amigos.
20240603 104313.302 6 El usuario hugo esta consutando su perfil.
20240603 104314.869 6 El usuario hugo esta consutando su perfil.
20240603 104314.941 6 El usuario hugo ha entrado a la gestion de grupos.
20240603 104316.004 6 El usuario hugo esta consutando su perfil.
20240603 104317.507 6 El usuario hugo esta consutando su perfil.
20240603 104317.582 6 El usuario hugo ha entrado a la gestion de grupos.
20240603 104318.260 6 El usuario hugo ha entrado a la creacion de grupos.
20240603 104325.092 6 El usuario hugo esta consutando su perfil.
20240603 104327.832 6 El usuario hugo esta jugando.
20240603 104329.903 6 El usuario hugo esta jugando.
20240603 104329.923 6 El usuario hugo ha fallado la pregunta
20240603 104332.152 6 El usuario hugo esta jugando.
20240603 104332.168 6 El usuario hugo ha fallado la pregunta
20240603 104335.959 6 El usuario hugo esta jugando.
20240603 104335.978 6 El usuario hugo ha acertado la pregunta.
20240603 104337.920 6 El usuario hugo esta jugando.
20240603 104337.939 6 El usuario hugo ha acertado la pregunta.
20240603 104343.045 6 El usuario hugo esta jugando.
20240603 104343.055 6 El usuario hugo ha fallado la pregunta
20240603 104407.946 6 El usuario hugo esta consutando su perfil.
20240603 104447.736 6 El usuario hugo esta consutando su perfil.
20240603 104448.517 6 El usuario hugo esta consutando su perfil.
20240603 104449.098 6 El usuario hugo esta consutando su perfil.
20240603 104449.659 6 El usuario hugo esta consutando su perfil.
20240603 104450.564 6 El usuario hugo esta consutando su perfil.
20240603 104553.813 6 El usuario hugo esta consutando su perfil.
20240603 104559.740 6 El usuario hugo esta consutando su perfil.
20240603 104603.253 6 El usuario hugo esta consutando su perfil.
20240603 104604.218 6 El usuario hugo esta consutando su perfil.
20240603 104606.943 6 El usuario hugo esta consutando su perfil.
20240603 104607.015 6 El usuario hugo ha entrado a la gestion de grupos.
20240603 104609.184 6 El usuario hugo ha entrado a la creacion de grupos.
20240603 104617.017 6 El usuario hugo ha creado el grupo Test.
20240603 104642.737 3 ERROR: No se pudo crear el grupo.
20240603 104959.676 6 El usuario hugo ha iniciado sesion.
20240603 104959.677 6 El usuario hugo ha entrado al menu principal.
20240603 105000.565 6 El usuario hugo esta consutando su perfil.
20240603 105001.749 6 El usuario hugo esta consutando su perfil.
20240603 105001.811 6 El usuario hugo ha entrado a la gestion de grupos.
20240603 105003.415 6 El usuario hugo ha entrado a la creacion de grupos.
20240603 105010.730 6 El usuario hugo ha creado el grupo Test22.
20240603 105225.992 6 El usuario hugo ha iniciado sesion.
20240603 105225.998 6 El usuario hugo ha entrado al menu principal.
20240603 105226.995 6 El usuario hugo esta consutando su perfil.
20240603 105228.252 6 El usuario hugo esta consutando su perfil.
20240603 105228.339 6 El usuario hugo ha entrado a la gestion de grupos.
20240603 105229.795 6 El usuario hugo ha entrado a la creacion de grupos.
20240603 105235.512 6 El usuario hugo ha creado el grupo Test222.
20240603 105414.865 6 El usuario hugo ha iniciado sesion.
20240603 105414.868 6 El usuario hugo ha entrado al menu principal.
20240603 105416.739 6 El usuario hugo esta consutando su perfil.
20240603 105418.342 6 El usuario hugo esta consutando su perfil.
20240603 105418.429 6 El usuario hugo ha entrado a la gestion de grupos.
20240603 105419.118 6 El usuario hugo ha entrado a la creacion de grupos.
20240603 105425.179 6 El usuario hugo ha creado el grupo .
20240603 105430.211 6 El usuario hugo esta consutando su perfil.
20240603 105431.102 6 El usuario hugo esta consutando su perfil.
20240603 105431.163 6 El usuario hugo ha entrado a la gestion de grupos.
20240603 105439.644 6 El usuario hugo ha entrado a la creacion de grupos.
20240603 105443.443 3 ERROR: No se pudo crear el grupo.
20240603 105553.566 6 El usuario hugo ha iniciado sesion.
20240603 105553.568 6 El usuario hugo ha entrado al menu principal.
20240603 105554.931 6 El usuario hugo esta consutando su perfil.
20240603 105556.202 6 El usuario hugo esta consutando su perfil.
20240603 105556.296 6 El usuario hugo ha entrado a la gestion de grupos.
20240603 105658.374 6 El usuario hugo ha iniciado sesion.
20240603 105658.380 6 El usuario hugo ha entrado al menu principal.
20240603 105659.826 6 El usuario hugo esta consutando su perfil.
20240603 105703.206 6 El usuario hugo esta consutando su perfil.
20240603 105703.290 6 El usuario hugo ha entrado a la gestion de grupos.
20240603 105723.355 6 El usuario hugo ha iniciado sesion.
20240603 105723.356 6 El usuario hugo ha entrado al menu principal.
20240603 105724.400 6 El usuario hugo esta consutando su perfil.
20240603 105727.149 6 El usuario hugo esta consutando su perfil.
20240603 105727.229 6 El usuario hugo ha entrado a la gestion de grupos.
20240603 105802.010 6 El usuario hugo ha entrado a la creacion de grupos.
20240603 105806.077 6 El usuario hugo esta consutando su perfil.
20240603 105811.975 6 El usuario hugo esta consutando su perfil.
20240603 105812.049 6 El usuario hugo ha cerrado sesion.
20240603 105816.226 6 El usuario admin ha iniciado sesion.
20240603 105816.228 6 El usuario admin ha entrado al gestor de preguntas.
20240603 110447.720 6 El usuario admin ha iniciado sesion.
20240603 110447.723 6 El usuario admin ha entrado al gestor de preguntas.
20240603 111039.524 6 El usuario admin ha iniciado sesion.
20240603 111039.526 6 El usuario admin ha entrado al gestor de preguntas.
20240603 111346.978 6 El usuario admin ha iniciado sesion.
20240603 111346.980 6 El usuario admin ha entrado al gestor de preguntas.
20240603 111510.501 6 El usuario Hugo ha iniciado sesion.
20240603 111510.502 6 El usuario Hugo ha entrado al menu principal.
20240603 111511.585 6 El usuario Hugo esta consutando su perfil.
20240603 111513.515 6 El usuario Hugo esta consutando su perfil.
20240603 111513.522 6 El usuario Hugo ha entrado a la gestion de grupos.
20240603 111517.557 6 El usuario Hugo esta consutando su perfil.
20240603 111518.156 6 El usuario Hugo esta consutando su perfil.
20240603 111518.168 6 El usuario Hugo ha cerrado sesion.
20240603 111521.303 6 El usuario admin ha iniciado sesion.
20240603 111521.306 6 El usuario admin ha entrado al gestor de preguntas.
20240603 111600.904 6 El usuario admin ha iniciado sesion.
20240603 111600.905 6 El usuario admin ha entrado al gestor de preguntas.
20240603 111638.018 6 El usuario admin ha iniciado sesion.
20240603 111638.021 6 El usuario admin ha entrado al gestor de preguntas.
20240603 112618.943 6 El usuario admin ha iniciado sesion.
20240603 112618.944 6 El usuario admin ha entrado al gestor de preguntas.
20240603 112742.706 6 El usuario admin ha iniciado sesion.
20240603 112742.707 6 El usuario admin ha entrado al gestor de preguntas.
20240603 112915.240 6 El usuario admin ha iniciado sesion.
20240603 112915.242 6 El usuario admin ha entrado al gestor de preguntas.
20240603 113323.604 6 El usuario admin ha iniciado sesion.
20240603 113323.605 6 El usuario admin ha entrado al gestor de preguntas.
20240603 113325.968 6 El administrador ha cerrado sesion.
20240603 113330.459 6 El usuario admin ha iniciado sesion.
20240603 113330.459 6 El usuario admin ha entrado al gestor de preguntas.
20240603 113341.236 6 El administrador ha cerrado sesion.
20240603 113347.454 6 El usuario admin ha iniciado sesion.
20240603 113347.455 6 El usuario admin ha entrado al gestor de preguntas.
20240603 113627.338 6 El usuario admin ha iniciado sesion.
20240603 113627.339 6 El usuario admin ha entrado al gestor de preguntas.
20240603 113718.528 6 El administrador ha cerrado sesion.
20240603 115616.279 6 El usuario admin ha iniciado sesion.
20240603 115616.280 6 El usuario admin ha entrado al gestor de preguntas.
20240603 115711.174 6 El usuario admin ha iniciado sesion.
20240603 115711.176 6 El usuario admin ha entrado al gestor de preguntas.
20240603 115728.083 6 El admin esta consutando el perfil de .
20240603 120047.223 6 El usuario admin ha iniciado sesion.
20240603 120047.227 6 El usuario admin ha entrado al gestor de preguntas.
20240603 120057.117 6 El admin esta consutando el perfil de Hugo.
20240603 120109.592 6 El admin esta consutando el perfil de Hugo.
20240603 120111.631 6 El admin esta consutando el perfil de Hugo.
20240603 120112.309 6 El admin esta consutando el perfil de Hugo.
20240603 120113.093 6 El admin esta consutando el perfil de Hugo.
20240603 120113.459 6 El admin esta consutando el perfil de Hugo.
20240603 120113.990 6 El admin esta consutando el perfil de Hugo.
20240603 120114.691 6 El admin esta consutando el perfil de Hugo.
20240603 120115.185 6 El admin esta consutando el perfil de Hugo.
20240603 120115.551 6 El admin esta consutando el perfil de Hugo.
20240603 120205.520 6 El usuario admin ha iniciado sesion.
20240603 120205.522 6 El usuario admin ha entrado al gestor de preguntas.
20240603 120213.120 6 El admin esta consutando el perfil de hugo.
20240603 120215.347 6 El admin esta consutando el perfil de hugo.
20240603 120215.929 6 El admin esta consutando el perfil de hugo.
20240603 120216.538 6 El admin esta consutando el perfil de hugo.
20240603 120217.509 6 El admin esta consutando el perfil de hugo.
20240603 120218.977 6 El admin esta consutando el perfil de hugo.
20240603 120219.375 6 El admin esta consutando el perfil de hugo.
20240603 120219.825 6 El admin esta consutando el perfil de hugo.
20240603 120839.435 6 El usuario admin ha iniciado sesion.
20240603 120839.436 6 El usuario admin ha entrado al gestor de preguntas.
20240603 121030.584 6 El admin esta consutando el perfil de Hugo.
20240603 122052.774 6 El usuario admin ha iniciado sesion.
20240603 122052.776 6 El usuario admin ha entrado al gestor de preguntas.
20240603 122103.571 6 El admin esta consutando el perfil de Hugo.
20240603 122107.188 6 El admin esta consutando el perfil de Hugo.
20240603 122107.765 6 El admin esta consutando el perfil de Hugo.
20240603 122108.260 6 El admin esta consutando el perfil de Hugo.
20240603 122108.820 6 El admin esta consutando el perfil de Hugo.
20240603 122113.991 6 El admin esta consutando el perfil de Martin.
20240603 122124.546 6 El admin esta consutando el perfil de Angel.
20240603 122146.108 6 El admin esta consutando el perfil de ariadna .
20240603 122150.464 6 El admin esta consutando el perfil de ariadna.
20240603 122207.421 6 El admin esta consutando el perfil de .
20240603 122413.940 3 ERROR: No se encontro el usuario.
20240603 122719.907 3 ERROR: No se encontro el usuario.
20240603 122727.919 3 ERROR: No se encontro la clave.
20240603 122735.844 3 ERROR: No se encontro el usuario.
20240603 122750.106 6 El usuario admin ha iniciado sesion.
20240603 122750.108 6 El usuario admin ha entrado al gestor de preguntas.
20240603 132128.422 6 El usuario hugo ha iniciado sesion.
20240603 132128.424 6 El usuario hugo ha entrado al menu principal.
20240603 132130.526 6 El usuario hugo esta jugando.
20240603 132133.909 6 El usuario hugo esta consutando su perfil.
20240603 132138.359 6 El usuario hugo esta consutando su perfil.
20240603 132138.431 6 El usuario hugo ha entrado a la gestion de grupos.
20240603 132140.302 6 El usuario hugo esta jugando en el grupo j.
20240603 132144.836 6 El usuario hugo esta consutando su perfil.
20240603 132145.772 6 El usuario hugo esta consutando su perfil.
20240603 132145.847 6 El usuario hugo ha cerrado sesion.
20240603 132154.663 6 El usuario admin ha iniciado sesion.
20240603 132154.665 6 El usuario admin ha entrado al gestor de preguntas.
20240603 134234.292 3 ERROR: No se encontro el usuario.
20240603 134245.954 6 El usuario hugo se ha registrado en Axon.
20240603 134245.958 6 El usuario hugo ha entrado al menu principal.
20240603 134617.612 6 El usuario hugo esta consutando su perfil.
20240603 180234.716 6 El usuario admin se ha registrado en Axon.
20240603 180234.716 6 El usuario admin ha entrado al menu principal.
20240603 180243.147 6 El usuario admin esta consutando su perfil.
20240603 180244.207 6 El usuario admin esta consutando su perfil.
20240603 180244.211 6 El usuario admin ha cerrado sesion.
20240603 180251.957 6 El usuario admin ha iniciado sesion.
20240603 180251.959 6 El usuario admin ha entrado al gestor de preguntas.
20240603 180619.955 6 El administrador ha cerrado sesion.
20240603 180631.771 6 El usuario hugo ha iniciado sesion.
20240603 180631.772 6 El usuario hugo ha entrado al menu principal.
20240603 180634.100 6 El usuario hugo esta consutando su perfil.
20240603 180639.351 6 El usuario hugo esta consutando su perfil.
20240603 180640.501 6 El usuario hugo esta consutando su perfil.
20240603 180641.591 6 El usuario hugo esta consutando su perfil.
20240603 180642.543 6 El usuario hugo esta consutando su perfil.
20240603 180646.293 6 El usuario hugo esta consutando su perfil.
20240603 180646.300 6 El usuario hugo ha entrado al gestor de amigos.
20240603 180651.065 6 El usuario hugo ha agregado un nuevo amigo.
20240603 180655.204 6 El usuario hugo ha agregado un nuevo amigo.
20240603 180700.606 6 El usuario hugo esta consutando su perfil.
20240603 180702.044 6 El usuario hugo esta consutando su perfil.
20240603 180702.050 6 El usuario hugo ha entrado al gestor de amigos.
20240603 180703.039 6 El usuario hugo esta consutando su perfil.
20240603 180703.767 6 El usuario hugo esta consutando su perfil.
20240603 180703.775 6 El usuario hugo ha entrado a la gestion de grupos.
20240603 180709.459 6 El usuario hugo ha entrado a la creacion de grupos.
20240603 180720.947 6 El usuario hugo ha creado el grupo .
20240603 180727.277 6 El usuario hugo esta consutando su perfil.
20240603 180728.840 6 El usuario hugo esta consutando su perfil.
20240603 180728.846 6 El usuario hugo ha entrado a la gestion de grupos.
20240603 180731.562 6 El usuario hugo esta consutando su perfil.
20240603 180736.262 6 El usuario hugo esta consutando su perfil.
20240603 180736.267 6 El usuario hugo ha entrado a la gestion de grupos.
20240603 180737.493 6 El usuario hugo esta jugando en el grupo DAM.
20240603 180743.652 6 El usuario hugo esta jugando en el grupo DAM.
20240603 180746.569 6 El usuario hugo esta jugando en el grupo DAM.
20240603 180746.623 6 El usuario hugo ha acertado la pregunta en el grupo DAM.
20240603 180749.967 6 El usuario hugo esta jugando en el grupo DAM.
20240603 180754.198 6 El usuario hugo esta jugando en el grupo DAM.
20240603 180758.001 6 El usuario hugo esta jugando en el grupo DAM.
20240603 180758.050 6 El usuario hugo ha acertado la pregunta en el grupo DAM.
20240603 180800.249 6 El usuario hugo esta consutando su perfil.
20240603 180801.565 6 El usuario hugo esta consutando su perfil.
20240603 180801.571 6 El usuario hugo ha entrado a la gestion de grupos.
20240603 180952.869 6 El usuario hugo ha entrado a la creacion de grupos.
20240603 180954.278 3 ERROR: No se han asignado usuarios al grupo.
20240603 181007.871 3 ERROR: El nombre del grupo no puede estar vacio.
20240603 181011.730 6 El usuario hugo esta consutando su perfil.
20240603 181013.786 6 El usuario hugo esta consutando su perfil.
20240603 181013.791 6 El usuario hugo ha entrado a la gestion de grupos.
20240603 181018.306 6 El usuario hugo esta consutando su perfil.
20240603 181020.329 6 El usuario hugo esta jugando.
20240603 181023.032 6 El usuario hugo esta jugando.
20240603 181023.045 6 El usuario hugo ha acertado la pregunta.
20240603 181027.839 6 El usuario hugo esta jugando.
20240603 181029.726 6 El usuario hugo esta jugando.
20240603 181031.023 6 El usuario hugo esta jugando.
20240603 181032.369 6 El usuario hugo esta jugando.
20240603 181033.531 6 El usuario hugo esta jugando.
20240603 181034.546 6 El usuario hugo esta jugando.
20240603 181036.256 6 El usuario hugo esta jugando.
20240603 181040.773 6 El usuario hugo esta jugando.
20240603 181040.790 6 El usuario hugo ha acertado la pregunta.
20240603 181043.241 6 El usuario hugo esta jugando.
20240603 181043.258 6 El usuario hugo ha acertado la pregunta.
20240603 181045.518 6 El usuario hugo esta jugando.
20240603 181047.265 6 El usuario hugo esta jugando.
20240603 181051.428 6 El usuario hugo esta jugando.
20240603 181051.449 6 El usuario hugo ha acertado la pregunta.
20240603 181054.382 6 El usuario hugo esta jugando.
20240603 181056.582 6 El usuario hugo esta jugando.
20240603 181103.633 6 El usuario hugo esta jugando.
20240603 181106.163 6 El usuario hugo esta jugando.
20240603 181106.184 6 El usuario hugo ha acertado la pregunta.
20240603 181109.167 6 El usuario hugo esta consutando su perfil.
20240603 181309.275 6 El usuario hugo esta consutando su perfil.
20240603 181309.290 6 El usuario hugo ha cerrado sesion.
20240603 181316.974 6 El usuario admin ha iniciado sesion.
20240603 181316.985 6 El usuario admin ha entrado al gestor de preguntas.
20240603 181330.040 6 El admin esta consutando el perfil de hugo.
